<?xml version="1.0" encoding="UTF-8"?>
<testsuite name="MinesweeperTest" tests="1" skipped="0" failures="0" errors="0" timestamp="2020-09-22T01:20:23" hostname="Annas-MacBook-Pro.local" time="7.618">
  <properties/>
  <testcase name="start" classname="MinesweeperTest" time="7.618"/>
  <system-out><![CDATA[?[1;31m
Start test 1?[0m
How many mines do you want on the field?
> 1
 │123456789│
—│—————————│
1|.........|
2|.........|
3|.........|
4|.........|
5|.........|
6|.........|
7|.........|
8|.........|
9|.........|
—│—————————│
Set/unset mines marks or claim a cell as free: 
> 7 3 free

 │123456789│
—│—————————│
1|.....1/1.|
2|233321/11|
3|/////////|
4|233321/11|
5|.....2/2.|
6|.....3/3.|
7|.....3/3.|
8|.....3/3.|
9|.....2/2.|
—│—————————│
Set/unset mines marks or claim a cell as free: 
> 1 1 free
 │123456789│
—│—————————│
1|.....1/1X|
2|233321/11|
3|/////////|
4|233321/11|
5|.....2/2X|
6|.....3/3X|
7|.....3/3X|
8|.....3/3X|
9|.....2/2X|
—│—————————│
You stepped on a mine and failed!
?[1;31m
Start test 2?[0m
How many mines do you want on the field?
> 1
 │123456789│
—│—————————│
1|.........|
2|.........|
3|.........|
4|.........|
5|.........|
6|.........|
7|.........|
8|.........|
9|.........|
—│—————————│
Set/unset mines marks or claim a cell as free: 
> 4 6 free

 │123456789│
—│—————————│
1|..2/2....|
2|..3/3....|
3|..3/3....|
4|..2/2....|
5|221/12332|
6|/////////|
7|221/12332|
8|..2/2....|
9|..2/2....|
—│—————————│
Set/unset mines marks or claim a cell as free: 
> 7 3 free
 │123456789│
—│—————————│
1|..2/2...X|
2|..3/3...X|
3|..3/3...X|
4|..2/2...X|
5|221/12332|
6|/////////|
7|221/12332|
8|..2/2...X|
9|..2/2...X|
—│—————————│
You stepped on a mine and failed!
?[1;31m
Start test 3?[0m
How many mines do you want on the field?
> 1
 │123456789│
—│—————————│
1|.........|
2|.........|
3|.........|
4|.........|
5|.........|
6|.........|
7|.........|
8|.........|
9|.........|
—│—————————│
Set/unset mines marks or claim a cell as free: 
> 5 9 free

 │123456789│
—│—————————│
1|...2/2...|
2|...3/3...|
3|...3/3...|
4|...3/3...|
5|...3/3...|
6|...3/3...|
7|...2/2...|
8|2321/1232|
9|/////////|
—│—————————│
Set/unset mines marks or claim a cell as free: 
> 2 3 free
 │123456789│
—│—————————│
1|...2/2..X|
2|...3/3..X|
3|...3/3..X|
4|...3/3..X|
5|...3/3..X|
6|...3/3..X|
7|...2/2..X|
8|2321/1232|
9|/////////|
—│—————————│
You stepped on a mine and failed!
?[1;31m
Start test 4?[0m
How many mines do you want on the field?
> 1
 │123456789│
—│—————————│
1|.........|
2|.........|
3|.........|
4|.........|
5|.........|
6|.........|
7|.........|
8|.........|
9|.........|
—│—————————│
Set/unset mines marks or claim a cell as free: 
> 3 9 mine

 │123456789│
—│—————————│
1|.........|
2|.........|
3|.........|
4|.........|
5|.........|
6|.........|
7|.........|
8|.........|
9|..*......|
—│—————————│
Set/unset mines marks or claim a cell as free: 
> 7 6 mine
 │123456789│
—│—————————│
1|.........|
2|.........|
3|.........|
4|.........|
5|.........|
6|......*..|
7|.........|
8|.........|
9|..*......|
—│—————————│
Set/unset mines marks or claim a cell as free: 
> 9 3 free
 │123456789│
—│—————————│
1|........X|
2|........X|
3|........X|
4|........X|
5|........X|
6|......*.X|
7|........X|
8|.........|
9|..*......|
—│—————————│
You stepped on a mine and failed!
?[1;31m
Start test 5?[0m
How many mines do you want on the field?
> 1
 │123456789│
—│—————————│
1|.........|
2|.........|
3|.........|
4|.........|
5|.........|
6|.........|
7|.........|
8|.........|
9|.........|
—│—————————│
Set/unset mines marks or claim a cell as free: 
> 4 2 free

 │123456789│
—│—————————│
1|/////////|
2|/////////|
3|221/12332|
4|..2/2....|
5|..3/3....|
6|..3/3....|
7|..3/3....|
8|..3/3....|
9|..2/2....|
—│—————————│
Set/unset mines marks or claim a cell as free: 
> 9 5 free
 │123456789│
—│—————————│
1|/////////|
2|/////////|
3|221/12332|
4|..2/2...X|
5|..3/3...X|
6|..3/3...X|
7|..3/3...X|
8|..3/3...X|
9|..2/2...X|
—│—————————│
You stepped on a mine and failed!
?[1;31m
Start test 6?[0m
How many mines do you want on the field?
> 1
 │123456789│
—│—————————│
1|.........|
2|.........|
3|.........|
4|.........|
5|.........|
6|.........|
7|.........|
8|.........|
9|.........|
—│—————————│
Set/unset mines marks or claim a cell as free: 
> 1 9 free

 │123456789│
—│—————————│
1|/2.......|
2|/3.......|
3|/3.......|
4|/3.......|
5|/3.......|
6|/3.......|
7|/2.......|
8|/12333332|
9|/////////|
—│—————————│
Set/unset mines marks or claim a cell as free: 
> 9 5 free
 │123456789│
—│—————————│
1|/2......X|
2|/3......X|
3|/3......X|
4|/3......X|
5|/3......X|
6|/3......X|
7|/2......X|
8|/12333332|
9|/////////|
—│—————————│
You stepped on a mine and failed!
?[1;31m
Start test 7?[0m
How many mines do you want on the field?
> 1
 │123456789│
—│—————————│
1|.........|
2|.........|
3|.........|
4|.........|
5|.........|
6|.........|
7|.........|
8|.........|
9|.........|
—│—————————│
Set/unset mines marks or claim a cell as free: 
> 6 2 free

 │123456789│
—│—————————│
1|/////////|
2|/////////|
3|23321/122|
4|....2/2..|
5|....3/3..|
6|....3/3..|
7|....3/3..|
8|....3/3..|
9|....2/2..|
—│—————————│
Set/unset mines marks or claim a cell as free: 
> 4 5 free
 │123456789│
—│—————————│
1|/////////|
2|/////////|
3|23321/122|
4|....2/2.X|
5|....3/3.X|
6|....3/3.X|
7|....3/3.X|
8|....3/3.X|
9|....2/2.X|
—│—————————│
You stepped on a mine and failed!
?[1;31m
Start test 8?[0m
How many mines do you want on the field?
> 1
 │123456789│
—│—————————│
1|.........|
2|.........|
3|.........|
4|.........|
5|.........|
6|.........|
7|.........|
8|.........|
9|.........|
—│—————————│
Set/unset mines marks or claim a cell as free: 
> 9 2 free

 │123456789│
—│—————————│
1|/////////|
2|/////////|
3|23333321/|
4|.......2/|
5|.......3/|
6|.......3/|
7|.......3/|
8|.......3/|
9|.......2/|
—│—————————│
Set/unset mines marks or claim a cell as free: 
> 1 5 free
 │123456789│
—│—————————│
1|/////////|
2|/////////|
3|23333321/|
4|......X2/|
5|......X3/|
6|......X3/|
7|......X3/|
8|......X3/|
9|......X2/|
—│—————————│
You stepped on a mine and failed!
?[1;31m
Start test 9?[0m
How many mines do you want on the field?
> 1
 │123456789│
—│—————————│
1|.........|
2|.........|
3|.........|
4|.........|
5|.........|
6|.........|
7|.........|
8|.........|
9|.........|
—│—————————│
Set/unset mines marks or claim a cell as free: 
> 7 8 free

 │123456789│
—│—————————│
1|.....2/2.|
2|.....3/3.|
3|.....3/3.|
4|.....3/3.|
5|.....3/3.|
6|.....2/2.|
7|233321/11|
8|/////////|
9|/////////|
—│—————————│
Set/unset mines marks or claim a cell as free: 
> 9 5 free
 │123456789│
—│—————————│
1|.....2/2X|
2|.....3/3X|
3|.....3/3X|
4|.....3/3X|
5|.....3/3X|
6|.....2/2X|
7|233321/11|
8|/////////|
9|/////////|
—│—————————│
You stepped on a mine and failed!
?[1;31m
Start test 10?[0m
How many mines do you want on the field?
> 1
 │123456789│
—│—————————│
1|.........|
2|.........|
3|.........|
4|.........|
5|.........|
6|.........|
7|.........|
8|.........|
9|.........|
—│—————————│
Set/unset mines marks or claim a cell as free: 
> 2 3 free

 │123456789│
—│—————————│
1|//1......|
2|//1233332|
3|/////////|
4|//1233332|
5|//2......|
6|//3......|
7|//3......|
8|//3......|
9|//2......|
—│—————————│
Set/unset mines marks or claim a cell as free: 
> 9 7 free
 │123456789│
—│—————————│
1|//1.....X|
2|//1233332|
3|/////////|
4|//1233332|
5|//2.....X|
6|//3.....X|
7|//3.....X|
8|//3.....X|
9|//2.....X|
—│—————————│
You stepped on a mine and failed!
?[1;31m
Start test 11?[0m
How many mines do you want on the field?
> 1
 │123456789│
—│—————————│
1|.........|
2|.........|
3|.........|
4|.........|
5|.........|
6|.........|
7|.........|
8|.........|
9|.........|
—│—————————│
Set/unset mines marks or claim a cell as free: 
> 4 1 free

 │123456789│
—│—————————│
1|/////////|
2|221/12332|
3|..2/2....|
4|..3/3....|
5|..3/3....|
6|..3/3....|
7|..3/3....|
8|..3/3....|
9|..2/2....|
—│—————————│
Set/unset mines marks or claim a cell as free: 
> 8 9 mine
 │123456789│
—│—————————│
1|/////////|
2|221/12332|
3|..2/2....|
4|..3/3....|
5|..3/3....|
6|..3/3....|
7|..3/3....|
8|..3/3....|
9|..2/2..*.|
—│—————————│
Set/unset mines marks or claim a cell as free: 
> 8 9 mine
 │123456789│
—│—————————│
1|/////////|
2|221/12332|
3|..2/2....|
4|..3/3....|
5|..3/3....|
6|..3/3....|
7|..3/3....|
8|..3/3....|
9|..2/2....|
—│—————————│
Set/unset mines marks or claim a cell as free: 
> 1 5 free
 │123456789│
—│—————————│
1|/////////|
2|221/12332|
3|..2/2...X|
4|..3/3...X|
5|..3/3...X|
6|..3/3...X|
7|..3/3...X|
8|..3/3...X|
9|..2/2...X|
—│—————————│
You stepped on a mine and failed!
?[1;31m
Start test 12?[0m
How many mines do you want on the field?
> 1
 │123456789│
—│—————————│
1|.........|
2|.........|
3|.........|
4|.........|
5|.........|
6|.........|
7|.........|
8|.........|
9|.........|
—│—————————│
Set/unset mines marks or claim a cell as free: 
> 1 6 mine

 │123456789│
—│—————————│
1|.........|
2|.........|
3|.........|
4|.........|
5|.........|
6|*........|
7|.........|
8|.........|
9|.........|
—│—————————│
Set/unset mines marks or claim a cell as free: 
> 1 6 mine
 │123456789│
—│—————————│
1|.........|
2|.........|
3|.........|
4|.........|
5|.........|
6|.........|
7|.........|
8|.........|
9|.........|
—│—————————│
Set/unset mines marks or claim a cell as free: 
> 6 8 free
 │123456789│
—│—————————│
1|........X|
2|........X|
3|........X|
4|........X|
5|.........|
6|.........|
7|.........|
8|........X|
9|........X|
—│—————————│
You stepped on a mine and failed!
?[1;31m
Start test 13?[0m
How many mines do you want on the field?
> 1
 │123456789│
—│—————————│
1|.........|
2|.........|
3|.........|
4|.........|
5|.........|
6|.........|
7|.........|
8|.........|
9|.........|
—│—————————│
Set/unset mines marks or claim a cell as free: 
> 1 4 mine

 │123456789│
—│—————————│
1|.........|
2|.........|
3|.........|
4|*........|
5|.........|
6|.........|
7|.........|
8|.........|
9|.........|
—│—————————│
Set/unset mines marks or claim a cell as free: 
> 8 9 free
 │123456789│
—│—————————│
1|........X|
2|........X|
3|.........|
4|*........|
5|.........|
6|........X|
7|........X|
8|........X|
9|........X|
—│—————————│
You stepped on a mine and failed!
?[1;31m
Start test 14?[0m
How many mines do you want on the field?
> 1
 │123456789│
—│—————————│
1|.........|
2|.........|
3|.........|
4|.........|
5|.........|
6|.........|
7|.........|
8|.........|
9|.........|
—│—————————│
Set/unset mines marks or claim a cell as free: 
> 1 2 mine

 │123456789│
—│—————————│
1|.........|
2|*........|
3|.........|
4|.........|
5|.........|
6|.........|
7|.........|
8|.........|
9|.........|
—│—————————│
Set/unset mines marks or claim a cell as free: 
> 9 2 free
 │123456789│
—│—————————│
1|.1.......|
2|*1.......|
3|.........|
4|.........|
5|.........|
6|.........|
7|.........|
8|.........|
9|.........|
—│—————————│
Set/unset mines marks or claim a cell as free: 
> 1 2 mine
 │123456789│
—│—————————│
1|.1.......|
2|.1.......|
3|.........|
4|.........|
5|.........|
6|.........|
7|.........|
8|.........|
9|.........|
—│—————————│
Set/unset mines marks or claim a cell as free: 
> 9 6 free
 │123456789│
—│—————————│
1|.1.......|
2|.1.......|
3|.........|
4|........X|
5|........X|
6|........X|
7|........X|
8|........X|
9|........X|
—│—————————│
You stepped on a mine and failed!
?[1;31m
Start test 15?[0m
How many mines do you want on the field?
> 1
 │123456789│
—│—————————│
1|.........|
2|.........|
3|.........|
4|.........|
5|.........|
6|.........|
7|.........|
8|.........|
9|.........|
—│—————————│
Set/unset mines marks or claim a cell as free: 
> 7 6 free

 │123456789│
—│—————————│
1|.....2/2.|
2|.....3/3.|
3|.....3/3.|
4|.....2/2.|
5|233321/11|
6|/////////|
7|233321/11|
8|.....2/2.|
9|.....2/2.|
—│—————————│
Set/unset mines marks or claim a cell as free: 
> 2 9 free
 │123456789│
—│—————————│
1|.....2/2X|
2|.....3/3X|
3|.....3/3X|
4|.....2/2X|
5|233321/11|
6|/////////|
7|233321/11|
8|.....2/2X|
9|.....2/2X|
—│—————————│
You stepped on a mine and failed!
?[1;31m
Start test 16?[0m
How many mines do you want on the field?
> 1
 │123456789│
—│—————————│
1|.........|
2|.........|
3|.........|
4|.........|
5|.........|
6|.........|
7|.........|
8|.........|
9|.........|
—│—————————│
Set/unset mines marks or claim a cell as free: 
> 8 8 free

 │123456789│
—│—————————│
1|......2//|
2|......3//|
3|......3//|
4|......3//|
5|......3//|
6|......2//|
7|2333321//|
8|/////////|
9|/////////|
—│—————————│
Set/unset mines marks or claim a cell as free: 
> 2 6 mine
 │123456789│
—│—————————│
1|......2//|
2|......3//|
3|......3//|
4|......3//|
5|......3//|
6|.*....2//|
7|2333321//|
8|/////////|
9|/////////|
—│—————————│
Set/unset mines marks or claim a cell as free: 
> 1 6 free
 │123456789│
—│—————————│
1|.....X2//|
2|.....X3//|
3|.....X3//|
4|.....X3//|
5|.....X3//|
6|.*...X2//|
7|2333321//|
8|/////////|
9|/////////|
—│—————————│
You stepped on a mine and failed!
?[1;31m
Start test 17?[0m
How many mines do you want on the field?
> 1
 │123456789│
—│—————————│
1|.........|
2|.........|
3|.........|
4|.........|
5|.........|
6|.........|
7|.........|
8|.........|
9|.........|
—│—————————│
Set/unset mines marks or claim a cell as free: 
> 3 2 mine

 │123456789│
—│—————————│
1|.........|
2|..*......|
3|.........|
4|.........|
5|.........|
6|.........|
7|.........|
8|.........|
9|.........|
—│—————————│
Set/unset mines marks or claim a cell as free: 
> 5 9 free
 │123456789│
—│—————————│
1|.........|
2|..*......|
3|.........|
4|........X|
5|........X|
6|........X|
7|........X|
8|........X|
9|........X|
—│—————————│
You stepped on a mine and failed!
?[1;31m
Start test 18?[0m
How many mines do you want on the field?
> 1
 │123456789│
—│—————————│
1|.........|
2|.........|
3|.........|
4|.........|
5|.........|
6|.........|
7|.........|
8|.........|
9|.........|
—│—————————│
Set/unset mines marks or claim a cell as free: 
> 5 8 mine

 │123456789│
—│—————————│
1|.........|
2|.........|
3|.........|
4|.........|
5|.........|
6|.........|
7|.........|
8|....*....|
9|.........|
—│—————————│
Set/unset mines marks or claim a cell as free: 
> 8 5 free
 │123456789│
—│—————————│
1|........X|
2|........X|
3|........X|
4|........X|
5|........X|
6|........X|
7|.........|
8|....*....|
9|.........|
—│—————————│
You stepped on a mine and failed!
?[1;31m
Start test 19?[0m
How many mines do you want on the field?
> 1
 │123456789│
—│—————————│
1|.........|
2|.........|
3|.........|
4|.........|
5|.........|
6|.........|
7|.........|
8|.........|
9|.........|
—│—————————│
Set/unset mines marks or claim a cell as free: 
> 4 7 free

 │123456789│
—│—————————│
1|..2/2....|
2|..3/3....|
3|..3/3....|
4|..3/3....|
5|..2/2....|
6|221/12332|
7|/////////|
8|221/12332|
9|..1/1....|
—│—————————│
Set/unset mines marks or claim a cell as free: 
> 9 2 free
 │123456789│
—│—————————│
1|..2/2...X|
2|..3/3...X|
3|..3/3...X|
4|..3/3...X|
5|..2/2...X|
6|221/12332|
7|/////////|
8|221/12332|
9|..1/1...X|
—│—————————│
You stepped on a mine and failed!
?[1;31m
Start test 20?[0m
How many mines do you want on the field?
> 1
 │123456789│
—│—————————│
1|.........|
2|.........|
3|.........|
4|.........|
5|.........|
6|.........|
7|.........|
8|.........|
9|.........|
—│—————————│
Set/unset mines marks or claim a cell as free: 
> 5 6 free

 │123456789│
—│—————————│
1|...2/2...|
2|...3/3...|
3|...3/3...|
4|...2/2...|
5|2321/1232|
6|/////////|
7|2321/1232|
8|...2/2...|
9|...2/2...|
—│—————————│
Set/unset mines marks or claim a cell as free: 
> 8 3 free
 │123456789│
—│—————————│
1|...2/2..X|
2|...3/3..X|
3|...3/3..X|
4|...2/2..X|
5|2321/1232|
6|/////////|
7|2321/1232|
8|...2/2..X|
9|...2/2..X|
—│—————————│
You stepped on a mine and failed!
?[1;31m
Start test 21?[0m
How many mines do you want on the field?
> 2
 │123456789│
—│—————————│
1|.........|
2|.........|
3|.........|
4|.........|
5|.........|
6|.........|
7|.........|
8|.........|
9|.........|
—│—————————│
Set/unset mines marks or claim a cell as free: 
> 4 7 mine

 │123456789│
—│—————————│
1|.........|
2|.........|
3|.........|
4|.........|
5|.........|
6|.........|
7|...*.....|
8|.........|
9|.........|
—│—————————│
Set/unset mines marks or claim a cell as free: 
> 7 3 free
 │123456789│
—│—————————│
1|........X|
2|........X|
3|........X|
4|........X|
5|........X|
6|.........|
7|...*.....|
8|.........|
9|........X|
—│—————————│
You stepped on a mine and failed!
?[1;31m
Start test 22?[0m
How many mines do you want on the field?
> 2
 │123456789│
—│—————————│
1|.........|
2|.........|
3|.........|
4|.........|
5|.........|
6|.........|
7|.........|
8|.........|
9|.........|
—│—————————│
Set/unset mines marks or claim a cell as free: 
> 1 6 mine

 │123456789│
—│—————————│
1|.........|
2|.........|
3|.........|
4|.........|
5|.........|
6|*........|
7|.........|
8|.........|
9|.........|
—│—————————│
Set/unset mines marks or claim a cell as free: 
> 3 7 free
 │123456789│
—│—————————│
1|/2.......|
2|/3.......|
3|/3.......|
4|/2.......|
5|12.......|
6|*........|
7|..2......|
8|.........|
9|.........|
—│—————————│
Set/unset mines marks or claim a cell as free: 
> 4 7 mine
 │123456789│
—│—————————│
1|/2.......|
2|/3.......|
3|/3.......|
4|/2.......|
5|12.......|
6|*........|
7|..2*.....|
8|.........|
9|.........|
—│—————————│
Set/unset mines marks or claim a cell as free: 
> 5 1 free
 │123456789│
—│—————————│
1|/2......X|
2|/3......X|
3|/3......X|
4|/2......X|
5|12.......|
6|*........|
7|..2*.....|
8|........X|
9|........X|
—│—————————│
You stepped on a mine and failed!
?[1;31m
Start test 23?[0m
How many mines do you want on the field?
> 2
 │123456789│
—│—————————│
1|.........|
2|.........|
3|.........|
4|.........|
5|.........|
6|.........|
7|.........|
8|.........|
9|.........|
—│—————————│
Set/unset mines marks or claim a cell as free: 
> 1 7 mine

 │123456789│
—│—————————│
1|.........|
2|.........|
3|.........|
4|.........|
5|.........|
6|.........|
7|*........|
8|.........|
9|.........|
—│—————————│
Set/unset mines marks or claim a cell as free: 
> 3 5 mine
 │123456789│
—│—————————│
1|.........|
2|.........|
3|.........|
4|.........|
5|..*......|
6|.........|
7|*........|
8|.........|
9|.........|
—│—————————│
Set/unset mines marks or claim a cell as free: 
> 4 4 mine
 │123456789│
—│—————————│
1|.........|
2|.........|
3|.........|
4|...*.....|
5|..*......|
6|.........|
7|*........|
8|.........|
9|.........|
—│—————————│
Set/unset mines marks or claim a cell as free: 
> 4 4 mine
 │123456789│
—│—————————│
1|.........|
2|.........|
3|.........|
4|.........|
5|..*......|
6|.........|
7|*........|
8|.........|
9|.........|
—│—————————│
Set/unset mines marks or claim a cell as free: 
> 9 9 free
 │123456789│
—│—————————│
1|........X|
2|........X|
3|........X|
4|........X|
5|..*.....X|
6|.........|
7|*........|
8|.........|
9|........X|
—│—————————│
You stepped on a mine and failed!
?[1;31m
Start test 24?[0m
How many mines do you want on the field?
> 2
 │123456789│
—│—————————│
1|.........|
2|.........|
3|.........|
4|.........|
5|.........|
6|.........|
7|.........|
8|.........|
9|.........|
—│—————————│
Set/unset mines marks or claim a cell as free: 
> 8 2 mine

 │123456789│
—│—————————│
1|.........|
2|.......*.|
3|.........|
4|.........|
5|.........|
6|.........|
7|.........|
8|.........|
9|.........|
—│—————————│
Set/unset mines marks or claim a cell as free: 
> 4 4 free
 │123456789│
—│—————————│
1|.........|
2|.......*.|
3|.........|
4|.....X...|
5|.....X...|
6|.....X...|
7|.....X...|
8|.....X...|
9|.....X...|
—│—————————│
You stepped on a mine and failed!
?[1;31m
Start test 25?[0m
How many mines do you want on the field?
> 2
 │123456789│
—│—————————│
1|.........|
2|.........|
3|.........|
4|.........|
5|.........|
6|.........|
7|.........|
8|.........|
9|.........|
—│—————————│
Set/unset mines marks or claim a cell as free: 
> 5 4 mine

 │123456789│
—│—————————│
1|.........|
2|.........|
3|.........|
4|....*....|
5|.........|
6|.........|
7|.........|
8|.........|
9|.........|
—│—————————│
Set/unset mines marks or claim a cell as free: 
> 8 4 mine
 │123456789│
—│—————————│
1|.........|
2|.........|
3|.........|
4|....*..*.|
5|.........|
6|.........|
7|.........|
8|.........|
9|.........|
—│—————————│
Set/unset mines marks or claim a cell as free: 
> 3 7 free
 │123456789│
—│—————————│
1|........X|
2|........X|
3|.........|
4|....*..*.|
5|.........|
6|........X|
7|........X|
8|........X|
9|........X|
—│—————————│
You stepped on a mine and failed!
?[1;31m
Start test 26?[0m
How many mines do you want on the field?
> 2
 │123456789│
—│—————————│
1|.........|
2|.........|
3|.........|
4|.........|
5|.........|
6|.........|
7|.........|
8|.........|
9|.........|
—│—————————│
Set/unset mines marks or claim a cell as free: 
> 5 4 free

 │123456789│
—│—————————│
1|...2/2...|
2|...2/2...|
3|2321/1232|
4|/////////|
5|2321/1232|
6|...2/2...|
7|...3/3...|
8|...3/3...|
9|...2/2...|
—│—————————│
Set/unset mines marks or claim a cell as free: 
> 1 1 free
 │123456789│
—│—————————│
1|...2/2..X|
2|...2/2..X|
3|2321/1232|
4|/////////|
5|2321/1232|
6|...2/2..X|
7|...3/3..X|
8|...3/3..X|
9|...2/2..X|
—│—————————│
You stepped on a mine and failed!
?[1;31m
Start test 27?[0m
How many mines do you want on the field?
> 2
 │123456789│
—│—————————│
1|.........|
2|.........|
3|.........|
4|.........|
5|.........|
6|.........|
7|.........|
8|.........|
9|.........|
—│—————————│
Set/unset mines marks or claim a cell as free: 
> 4 8 free

 │123456789│
—│—————————│
1|..2/2....|
2|..3/3....|
3|..3/3....|
4|..3/3....|
5|..3/3....|
6|..2/2....|
7|221/12332|
8|/////////|
9|/////////|
—│—————————│
Set/unset mines marks or claim a cell as free: 
> 8 4 mine
 │123456789│
—│—————————│
1|..2/2....|
2|..3/3....|
3|..3/3....|
4|..3/3..*.|
5|..3/3....|
6|..2/2....|
7|221/12332|
8|/////////|
9|/////////|
—│—————————│
Set/unset mines marks or claim a cell as free: 
> 2 1 mine
 │123456789│
—│—————————│
1|.*2/2....|
2|..3/3....|
3|..3/3....|
4|..3/3..*.|
5|..3/3....|
6|..2/2....|
7|221/12332|
8|/////////|
9|/////////|
—│—————————│
Set/unset mines marks or claim a cell as free: 
> 9 4 mine
 │123456789│
—│—————————│
1|.*2/2....|
2|..3/3....|
3|..3/3....|
4|..3/3..**|
5|..3/3....|
6|..2/2....|
7|221/12332|
8|/////////|
9|/////////|
—│—————————│
Set/unset mines marks or claim a cell as free: 
> 7 6 free
 │123456789│
—│—————————│
1|.*2/2...X|
2|..3/3...X|
3|..3/3...X|
4|..3/3..*X|
5|..3/3...X|
6|..2/2...X|
7|221/12332|
8|/////////|
9|/////////|
—│—————————│
You stepped on a mine and failed!
?[1;31m
Start test 28?[0m
How many mines do you want on the field?
> 2
 │123456789│
—│—————————│
1|.........|
2|.........|
3|.........|
4|.........|
5|.........|
6|.........|
7|.........|
8|.........|
9|.........|
—│—————————│
Set/unset mines marks or claim a cell as free: 
> 4 9 free

 │123456789│
—│—————————│
1|..2/2....|
2|..3/3....|
3|..3/3....|
4|..3/3....|
5|..3/3....|
6|..3/3....|
7|..2/2....|
8|221/12332|
9|/////////|
—│—————————│
Set/unset mines marks or claim a cell as free: 
> 9 3 mine
 │123456789│
—│—————————│
1|..2/2....|
2|..3/3....|
3|..3/3...*|
4|..3/3....|
5|..3/3....|
6|..3/3....|
7|..2/2....|
8|221/12332|
9|/////////|
—│—————————│
Set/unset mines marks or claim a cell as free: 
> 2 6 mine
 │123456789│
—│—————————│
1|..2/2....|
2|..3/3....|
3|..3/3...*|
4|..3/3....|
5|..3/3....|
6|.*3/3....|
7|..2/2....|
8|221/12332|
9|/////////|
—│—————————│
Set/unset mines marks or claim a cell as free: 
> 7 6 mine
 │123456789│
—│—————————│
1|..2/2....|
2|..3/3....|
3|..3/3...*|
4|..3/3....|
5|..3/3....|
6|.*3/3.*..|
7|..2/2....|
8|221/12332|
9|/////////|
—│—————————│
Set/unset mines marks or claim a cell as free: 
> 9 3 mine
 │123456789│
—│—————————│
1|..2/2....|
2|..3/3....|
3|..3/3....|
4|..3/3....|
5|..3/3....|
6|.*3/3.*..|
7|..2/2....|
8|221/12332|
9|/////////|
—│—————————│
Set/unset mines marks or claim a cell as free: 
> 8 2 mine
 │123456789│
—│—————————│
1|..2/2....|
2|..3/3..*.|
3|..3/3....|
4|..3/3....|
5|..3/3....|
6|.*3/3.*..|
7|..2/2....|
8|221/12332|
9|/////////|
—│—————————│
Set/unset mines marks or claim a cell as free: 
> 9 7 free
 │123456789│
—│—————————│
1|..2/2...X|
2|..3/3..*X|
3|..3/3...X|
4|..3/3...X|
5|..3/3...X|
6|.*3/3.*.X|
7|..2/2...X|
8|221/12332|
9|/////////|
—│—————————│
You stepped on a mine and failed!
?[1;31m
Start test 29?[0m
How many mines do you want on the field?
> 2
 │123456789│
—│—————————│
1|.........|
2|.........|
3|.........|
4|.........|
5|.........|
6|.........|
7|.........|
8|.........|
9|.........|
—│—————————│
Set/unset mines marks or claim a cell as free: 
> 4 1 free

 │123456789│
—│—————————│
1|/////////|
2|221/12332|
3|..2/2....|
4|..3/3....|
5|..3/3....|
6|..3/3....|
7|..3/3....|
8|..3/3....|
9|..2/2....|
—│—————————│
Set/unset mines marks or claim a cell as free: 
> 2 7 free
 │123456789│
—│—————————│
1|/////////|
2|221/12332|
3|..2/2...X|
4|..3/3...X|
5|..3/3...X|
6|..3/3...X|
7|..3/3...X|
8|..3/3...X|
9|..2/2...X|
—│—————————│
You stepped on a mine and failed!
?[1;31m
Start test 30?[0m
How many mines do you want on the field?
> 2
 │123456789│
—│—————————│
1|.........|
2|.........|
3|.........|
4|.........|
5|.........|
6|.........|
7|.........|
8|.........|
9|.........|
—│—————————│
Set/unset mines marks or claim a cell as free: 
> 7 9 free

 │123456789│
—│—————————│
1|.....2/2.|
2|.....3/3.|
3|.....3/3.|
4|.....3/3.|
5|.....3/3.|
6|.....3/3.|
7|.....2/2.|
8|233321/11|
9|/////////|
—│—————————│
Set/unset mines marks or claim a cell as free: 
> 1 6 free
 │123456789│
—│—————————│
1|.....2/2X|
2|.....3/3X|
3|.....3/3X|
4|.....3/3X|
5|.....3/3X|
6|.....3/3X|
7|.....2/2X|
8|233321/11|
9|/////////|
—│—————————│
You stepped on a mine and failed!
?[1;31m
Start test 31?[0m
How many mines do you want on the field?
> 2
 │123456789│
—│—————————│
1|.........|
2|.........|
3|.........|
4|.........|
5|.........|
6|.........|
7|.........|
8|.........|
9|.........|
—│—————————│
Set/unset mines marks or claim a cell as free: 
> 1 6 free

 │123456789│
—│—————————│
1|/2.......|
2|/3.......|
3|/3.......|
4|/2.......|
5|/12333332|
6|/////////|
7|/12333332|
8|/2.......|
9|/2.......|
—│—————————│
Set/unset mines marks or claim a cell as free: 
> 4 9 mine
 │123456789│
—│—————————│
1|/2.......|
2|/3.......|
3|/3.......|
4|/2.......|
5|/12333332|
6|/////////|
7|/12333332|
8|/2.......|
9|/2.*.....|
—│—————————│
Set/unset mines marks or claim a cell as free: 
> 9 4 free
 │123456789│
—│—————————│
1|/2......X|
2|/3......X|
3|/3......X|
4|/2......X|
5|/12333332|
6|/////////|
7|/12333332|
8|/2......X|
9|/2.*....X|
—│—————————│
You stepped on a mine and failed!
?[1;31m
Start test 32?[0m
How many mines do you want on the field?
> 2
 │123456789│
—│—————————│
1|.........|
2|.........|
3|.........|
4|.........|
5|.........|
6|.........|
7|.........|
8|.........|
9|.........|
—│—————————│
Set/unset mines marks or claim a cell as free: 
> 8 1 free

 │123456789│
—│—————————│
1|/////////|
2|2333321//|
3|......2//|
4|......3//|
5|......3//|
6|......3//|
7|......3//|
8|......3//|
9|......2//|
—│—————————│
Set/unset mines marks or claim a cell as free: 
> 5 6 free
 │123456789│
—│—————————│
1|/////////|
2|2333321//|
3|.....X2//|
4|.....X3//|
5|.....X3//|
6|.....X3//|
7|.....X3//|
8|.....X3//|
9|.....X2//|
—│—————————│
You stepped on a mine and failed!
?[1;31m
Start test 33?[0m
How many mines do you want on the field?
> 2
 │123456789│
—│—————————│
1|.........|
2|.........|
3|.........|
4|.........|
5|.........|
6|.........|
7|.........|
8|.........|
9|.........|
—│—————————│
Set/unset mines marks or claim a cell as free: 
> 9 8 free

 │123456789│
—│—————————│
1|.......2/|
2|.......3/|
3|.......3/|
4|.......3/|
5|.......3/|
6|.......2/|
7|23333321/|
8|/////////|
9|/////////|
—│—————————│
Set/unset mines marks or claim a cell as free: 
> 5 3 free
 │123456789│
—│—————————│
1|......X2/|
2|......X3/|
3|......X3/|
4|......X3/|
5|......X3/|
6|......X2/|
7|23333321/|
8|/////////|
9|/////////|
—│—————————│
You stepped on a mine and failed!
?[1;31m
Start test 34?[0m
How many mines do you want on the field?
> 2
 │123456789│
—│—————————│
1|.........|
2|.........|
3|.........|
4|.........|
5|.........|
6|.........|
7|.........|
8|.........|
9|.........|
—│—————————│
Set/unset mines marks or claim a cell as free: 
> 5 4 free

 │123456789│
—│—————————│
1|...2/2...|
2|...2/2...|
3|2321/1232|
4|/////////|
5|2321/1232|
6|...2/2...|
7|...3/3...|
8|...3/3...|
9|...2/2...|
—│—————————│
Set/unset mines marks or claim a cell as free: 
> 1 2 mine
 │123456789│
—│—————————│
1|...2/2...|
2|*..2/2...|
3|2321/1232|
4|/////////|
5|2321/1232|
6|...2/2...|
7|...3/3...|
8|...3/3...|
9|...2/2...|
—│—————————│
Set/unset mines marks or claim a cell as free: 
> 9 1 free
 │123456789│
—│—————————│
1|...2/2..X|
2|*..2/2..X|
3|2321/1232|
4|/////////|
5|2321/1232|
6|...2/2..X|
7|...3/3..X|
8|...3/3..X|
9|...2/2..X|
—│—————————│
You stepped on a mine and failed!
?[1;31m
Start test 35?[0m
How many mines do you want on the field?
> 2
 │123456789│
—│—————————│
1|.........|
2|.........|
3|.........|
4|.........|
5|.........|
6|.........|
7|.........|
8|.........|
9|.........|
—│—————————│
Set/unset mines marks or claim a cell as free: 
> 1 8 free

 │123456789│
—│—————————│
1|/2.......|
2|/3.......|
3|/3.......|
4|/3.......|
5|/3.......|
6|/2.......|
7|/12333332|
8|/////////|
9|/////////|
—│—————————│
Set/unset mines marks or claim a cell as free: 
> 4 6 mine
 │123456789│
—│—————————│
1|/2.......|
2|/3.......|
3|/3.......|
4|/3.......|
5|/3.......|
6|/2.*.....|
7|/12333332|
8|/////////|
9|/////////|
—│—————————│
Set/unset mines marks or claim a cell as free: 
> 9 2 mine
 │123456789│
—│—————————│
1|/2.......|
2|/3......*|
3|/3.......|
4|/3.......|
5|/3.......|
6|/2.*.....|
7|/12333332|
8|/////////|
9|/////////|
—│—————————│
Set/unset mines marks or claim a cell as free: 
> 9 3 mine
 │123456789│
—│—————————│
1|/2.......|
2|/3......*|
3|/3......*|
4|/3.......|
5|/3.......|
6|/2.*.....|
7|/12333332|
8|/////////|
9|/////////|
—│—————————│
Set/unset mines marks or claim a cell as free: 
> 4 6 mine
 │123456789│
—│—————————│
1|/2.......|
2|/3......*|
3|/3......*|
4|/3.......|
5|/3.......|
6|/2.......|
7|/12333332|
8|/////////|
9|/////////|
—│—————————│
Set/unset mines marks or claim a cell as free: 
> 9 4 mine
 │123456789│
—│—————————│
1|/2.......|
2|/3......*|
3|/3......*|
4|/3......*|
5|/3.......|
6|/2.......|
7|/12333332|
8|/////////|
9|/////////|
—│—————————│
Set/unset mines marks or claim a cell as free: 
> 5 5 free
 │123456789│
—│—————————│
1|/2......X|
2|/3......X|
3|/3......X|
4|/3......X|
5|/3......X|
6|/2......X|
7|/12333332|
8|/////////|
9|/////////|
—│—————————│
You stepped on a mine and failed!
?[1;31m
Start test 36?[0m
How many mines do you want on the field?
> 2
 │123456789│
—│—————————│
1|.........|
2|.........|
3|.........|
4|.........|
5|.........|
6|.........|
7|.........|
8|.........|
9|.........|
—│—————————│
Set/unset mines marks or claim a cell as free: 
> 7 6 mine

 │123456789│
—│—————————│
1|.........|
2|.........|
3|.........|
4|.........|
5|.........|
6|......*..|
7|.........|
8|.........|
9|.........|
—│—————————│
Set/unset mines marks or claim a cell as free: 
> 7 6 mine
 │123456789│
—│—————————│
1|.........|
2|.........|
3|.........|
4|.........|
5|.........|
6|.........|
7|.........|
8|.........|
9|.........|
—│—————————│
Set/unset mines marks or claim a cell as free: 
> 7 6 free
 │123456789│
—│—————————│
1|........X|
2|........X|
3|........X|
4|........X|
5|.........|
6|.........|
7|.........|
8|........X|
9|........X|
—│—————————│
You stepped on a mine and failed!
?[1;31m
Start test 37?[0m
How many mines do you want on the field?
> 2
 │123456789│
—│—————————│
1|.........|
2|.........|
3|.........|
4|.........|
5|.........|
6|.........|
7|.........|
8|.........|
9|.........|
—│—————————│
Set/unset mines marks or claim a cell as free: 
> 6 9 mine

 │123456789│
—│—————————│
1|.........|
2|.........|
3|.........|
4|.........|
5|.........|
6|.........|
7|.........|
8|.........|
9|.....*...|
—│—————————│
Set/unset mines marks or claim a cell as free: 
> 2 4 free
 │123456789│
—│—————————│
1|........X|
2|........X|
3|........X|
4|........X|
5|........X|
6|........X|
7|........X|
8|.........|
9|.....*...|
—│—————————│
You stepped on a mine and failed!
?[1;31m
Start test 38?[0m
How many mines do you want on the field?
> 2
 │123456789│
—│—————————│
1|.........|
2|.........|
3|.........|
4|.........|
5|.........|
6|.........|
7|.........|
8|.........|
9|.........|
—│—————————│
Set/unset mines marks or claim a cell as free: 
> 5 6 free

 │123456789│
—│—————————│
1|...2/2...|
2|...3/3...|
3|...3/3...|
4|...2/2...|
5|2321/1232|
6|/////////|
7|2321/1232|
8|...2/2...|
9|...2/2...|
—│—————————│
Set/unset mines marks or claim a cell as free: 
> 2 1 free
 │123456789│
—│—————————│
1|...2/2..X|
2|...3/3..X|
3|...3/3..X|
4|...2/2..X|
5|2321/1232|
6|/////////|
7|2321/1232|
8|...2/2..X|
9|...2/2..X|
—│—————————│
You stepped on a mine and failed!
?[1;31m
Start test 39?[0m
How many mines do you want on the field?
> 2
 │123456789│
—│—————————│
1|.........|
2|.........|
3|.........|
4|.........|
5|.........|
6|.........|
7|.........|
8|.........|
9|.........|
—│—————————│
Set/unset mines marks or claim a cell as free: 
> 5 7 free

 │123456789│
—│—————————│
1|...2/2...|
2|...3/3...|
3|...3/3...|
4|...3/3...|
5|...2/2...|
6|2321/1232|
7|/////////|
8|2321/1232|
9|...1/1...|
—│—————————│
Set/unset mines marks or claim a cell as free: 
> 7 5 free
 │123456789│
—│—————————│
1|...2/2..X|
2|...3/3..X|
3|...3/3..X|
4|...3/3..X|
5|...2/2..X|
6|2321/1232|
7|/////////|
8|2321/1232|
9|...1/1..X|
—│—————————│
You stepped on a mine and failed!
?[1;31m
Start test 40?[0m
How many mines do you want on the field?
> 2
 │123456789│
—│—————————│
1|.........|
2|.........|
3|.........|
4|.........|
5|.........|
6|.........|
7|.........|
8|.........|
9|.........|
—│—————————│
Set/unset mines marks or claim a cell as free: 
> 3 5 free

 │123456789│
—│—————————│
1|.2/2.....|
2|.3/3.....|
3|.2/2.....|
4|11/123332|
5|/////////|
6|11/123332|
7|.2/2.....|
8|.3/3.....|
9|.2/2.....|
—│—————————│
Set/unset mines marks or claim a cell as free: 
> 6 2 mine
 │123456789│
—│—————————│
1|.2/2.....|
2|.3/3.*...|
3|.2/2.....|
4|11/123332|
5|/////////|
6|11/123332|
7|.2/2.....|
8|.3/3.....|
9|.2/2.....|
—│—————————│
Set/unset mines marks or claim a cell as free: 
> 1 9 mine
 │123456789│
—│—————————│
1|.2/2.....|
2|.3/3.*...|
3|.2/2.....|
4|11/123332|
5|/////////|
6|11/123332|
7|.2/2.....|
8|.3/3.....|
9|*2/2.....|
—│—————————│
Set/unset mines marks or claim a cell as free: 
> 1 9 mine
 │123456789│
—│—————————│
1|.2/2.....|
2|.3/3.*...|
3|.2/2.....|
4|11/123332|
5|/////////|
6|11/123332|
7|.2/2.....|
8|.3/3.....|
9|.2/2.....|
—│—————————│
Set/unset mines marks or claim a cell as free: 
> 1 8 free
 │123456789│
—│—————————│
1|.2/2....X|
2|.3/3.*..X|
3|.2/2....X|
4|11/123332|
5|/////////|
6|11/123332|
7|.2/2....X|
8|.3/3....X|
9|.2/2....X|
—│—————————│
You stepped on a mine and failed!
?[1;31m
Start test 41?[0m
How many mines do you want on the field?
> 3
 │123456789│
—│—————————│
1|.........|
2|.........|
3|.........|
4|.........|
5|.........|
6|.........|
7|.........|
8|.........|
9|.........|
—│—————————│
Set/unset mines marks or claim a cell as free: 
> 1 7 free

 │123456789│
—│—————————│
1|/2.......|
2|/3.......|
3|/3.......|
4|/3.......|
5|/2.......|
6|/12333332|
7|/////////|
8|/12333332|
9|/1.......|
—│—————————│
Set/unset mines marks or claim a cell as free: 
> 7 9 free
 │123456789│
—│—————————│
1|/2......X|
2|/3......X|
3|/3......X|
4|/3......X|
5|/2......X|
6|/12333332|
7|/////////|
8|/12333332|
9|/1......X|
—│—————————│
You stepped on a mine and failed!
?[1;31m
Start test 42?[0m
How many mines do you want on the field?
> 3
 │123456789│
—│—————————│
1|.........|
2|.........|
3|.........|
4|.........|
5|.........|
6|.........|
7|.........|
8|.........|
9|.........|
—│—————————│
Set/unset mines marks or claim a cell as free: 
> 8 7 free

 │123456789│
—│—————————│
1|......2//|
2|......3//|
3|......3//|
4|......3//|
5|......2//|
6|2333321//|
7|/////////|
8|2333321//|
9|......1//|
—│—————————│
Set/unset mines marks or claim a cell as free: 
> 5 3 free
 │123456789│
—│—————————│
1|.....X2//|
2|.....X3//|
3|.....X3//|
4|.....X3//|
5|.....X2//|
6|2333321//|
7|/////////|
8|2333321//|
9|.....X1//|
—│—————————│
You stepped on a mine and failed!
?[1;31m
Start test 43?[0m
How many mines do you want on the field?
> 3
 │123456789│
—│—————————│
1|.........|
2|.........|
3|.........|
4|.........|
5|.........|
6|.........|
7|.........|
8|.........|
9|.........|
—│—————————│
Set/unset mines marks or claim a cell as free: 
> 4 1 free

 │123456789│
—│—————————│
1|/////////|
2|221/12332|
3|..2/2....|
4|..3/3....|
5|..3/3....|
6|..3/3....|
7|..3/3....|
8|..3/3....|
9|..2/2....|
—│—————————│
Set/unset mines marks or claim a cell as free: 
> 8 7 mine
 │123456789│
—│—————————│
1|/////////|
2|221/12332|
3|..2/2....|
4|..3/3....|
5|..3/3....|
6|..3/3....|
7|..3/3..*.|
8|..3/3....|
9|..2/2....|
—│—————————│
Set/unset mines marks or claim a cell as free: 
> 8 7 mine
 │123456789│
—│—————————│
1|/////////|
2|221/12332|
3|..2/2....|
4|..3/3....|
5|..3/3....|
6|..3/3....|
7|..3/3....|
8|..3/3....|
9|..2/2....|
—│—————————│
Set/unset mines marks or claim a cell as free: 
> 7 4 mine
 │123456789│
—│—————————│
1|/////////|
2|221/12332|
3|..2/2....|
4|..3/3.*..|
5|..3/3....|
6|..3/3....|
7|..3/3....|
8|..3/3....|
9|..2/2....|
—│—————————│
Set/unset mines marks or claim a cell as free: 
> 2 9 free
 │123456789│
—│—————————│
1|/////////|
2|221/12332|
3|..2/2...X|
4|..3/3.*.X|
5|..3/3...X|
6|..3/3...X|
7|..3/3...X|
8|..3/3...X|
9|..2/2...X|
—│—————————│
You stepped on a mine and failed!
?[1;31m
Start test 44?[0m
How many mines do you want on the field?
> 3
 │123456789│
—│—————————│
1|.........|
2|.........|
3|.........|
4|.........|
5|.........|
6|.........|
7|.........|
8|.........|
9|.........|
—│—————————│
Set/unset mines marks or claim a cell as free: 
> 7 8 free

 │123456789│
—│—————————│
1|.....2/2.|
2|.....3/3.|
3|.....3/3.|
4|.....3/3.|
5|.....3/3.|
6|.....2/2.|
7|233321/11|
8|/////////|
9|/////////|
—│—————————│
Set/unset mines marks or claim a cell as free: 
> 5 4 free
 │123456789│
—│—————————│
1|.....2/2X|
2|.....3/3X|
3|.....3/3X|
4|.....3/3X|
5|.....3/3X|
6|.....2/2X|
7|233321/11|
8|/////////|
9|/////////|
—│—————————│
You stepped on a mine and failed!
?[1;31m
Start test 45?[0m
How many mines do you want on the field?
> 3
 │123456789│
—│—————————│
1|.........|
2|.........|
3|.........|
4|.........|
5|.........|
6|.........|
7|.........|
8|.........|
9|.........|
—│—————————│
Set/unset mines marks or claim a cell as free: 
> 4 2 free

 │123456789│
—│—————————│
1|/////////|
2|/////////|
3|221/12332|
4|..2/2....|
5|..3/3....|
6|..3/3....|
7|..3/3....|
8|..3/3....|
9|..2/2....|
—│—————————│
Set/unset mines marks or claim a cell as free: 
> 7 9 free
 │123456789│
—│—————————│
1|/////////|
2|/////////|
3|221/12332|
4|..2/2...X|
5|..3/3...X|
6|..3/3...X|
7|..3/3...X|
8|..3/3...X|
9|..2/2...X|
—│—————————│
You stepped on a mine and failed!
?[1;31m
Start test 46?[0m
How many mines do you want on the field?
> 3
 │123456789│
—│—————————│
1|.........|
2|.........|
3|.........|
4|.........|
5|.........|
6|.........|
7|.........|
8|.........|
9|.........|
—│—————————│
Set/unset mines marks or claim a cell as free: 
> 9 4 mine

 │123456789│
—│—————————│
1|.........|
2|.........|
3|.........|
4|........*|
5|.........|
6|.........|
7|.........|
8|.........|
9|.........|
—│—————————│
Set/unset mines marks or claim a cell as free: 
> 1 5 free
 │123456789│
—│—————————│
1|.........|
2|.........|
3|.........|
4|........*|
5|2........|
6|.........|
7|.........|
8|.........|
9|.........|
—│—————————│
Set/unset mines marks or claim a cell as free: 
> 1 9 mine
 │123456789│
—│—————————│
1|.........|
2|.........|
3|.........|
4|........*|
5|2........|
6|.........|
7|.........|
8|.........|
9|*........|
—│—————————│
Set/unset mines marks or claim a cell as free: 
> 6 4 mine
 │123456789│
—│—————————│
1|.........|
2|.........|
3|.........|
4|.....*..*|
5|2........|
6|.........|
7|.........|
8|.........|
9|*........|
—│—————————│
Set/unset mines marks or claim a cell as free: 
> 1 9 mine
 │123456789│
—│—————————│
1|.........|
2|.........|
3|.........|
4|.....*..*|
5|2........|
6|.........|
7|.........|
8|.........|
9|.........|
—│—————————│
Set/unset mines marks or claim a cell as free: 
> 7 9 free
 │123456789│
—│—————————│
1|......X..|
2|......X..|
3|.........|
4|.....*..*|
5|2........|
6|......X..|
7|......X..|
8|......X..|
9|......X..|
—│—————————│
You stepped on a mine and failed!
?[1;31m
Start test 47?[0m
How many mines do you want on the field?
> 3
 │123456789│
—│—————————│
1|.........|
2|.........|
3|.........|
4|.........|
5|.........|
6|.........|
7|.........|
8|.........|
9|.........|
—│—————————│
Set/unset mines marks or claim a cell as free: 
> 9 9 mine

 │123456789│
—│—————————│
1|.........|
2|.........|
3|.........|
4|.........|
5|.........|
6|.........|
7|.........|
8|.........|
9|........*|
—│—————————│
Set/unset mines marks or claim a cell as free: 
> 9 9 mine
 │123456789│
—│—————————│
1|.........|
2|.........|
3|.........|
4|.........|
5|.........|
6|.........|
7|.........|
8|.........|
9|.........|
—│—————————│
Set/unset mines marks or claim a cell as free: 
> 9 6 free
 │123456789│
—│—————————│
1|.........|
2|.........|
3|.........|
4|.........|
5|.........|
6|.........|
7|.........|
8|.........|
9|.........|
—│—————————│
Set/unset mines marks or claim a cell as free: 
> 8 2 free
 │123456789│
—│—————————│
1|.........|
2|.......3.|
3|.........|
4|.........|
5|.........|
6|.........|
7|.........|
8|.........|
9|.........|
—│—————————│
Set/unset mines marks or claim a cell as free: 
> 4 3 free
 │123456789│
—│—————————│
1|......X..|
2|......X3.|
3|......X..|
4|......X..|
5|......X..|
6|......X..|
7|......X..|
8|.........|
9|.........|
—│—————————│
You stepped on a mine and failed!
?[1;31m
Start test 48?[0m
How many mines do you want on the field?
> 3
 │123456789│
—│—————————│
1|.........|
2|.........|
3|.........|
4|.........|
5|.........|
6|.........|
7|.........|
8|.........|
9|.........|
—│—————————│
Set/unset mines marks or claim a cell as free: 
> 4 8 mine

 │123456789│
—│—————————│
1|.........|
2|.........|
3|.........|
4|.........|
5|.........|
6|.........|
7|.........|
8|...*.....|
9|.........|
—│—————————│
Set/unset mines marks or claim a cell as free: 
> 3 7 mine
 │123456789│
—│—————————│
1|.........|
2|.........|
3|.........|
4|.........|
5|.........|
6|.........|
7|..*......|
8|...*.....|
9|.........|
—│—————————│
Set/unset mines marks or claim a cell as free: 
> 3 7 mine
 │123456789│
—│—————————│
1|.........|
2|.........|
3|.........|
4|.........|
5|.........|
6|.........|
7|.........|
8|...*.....|
9|.........|
—│—————————│
Set/unset mines marks or claim a cell as free: 
> 9 6 mine
 │123456789│
—│—————————│
1|.........|
2|.........|
3|.........|
4|.........|
5|.........|
6|........*|
7|.........|
8|...*.....|
9|.........|
—│—————————│
Set/unset mines marks or claim a cell as free: 
> 3 3 free
 │123456789│
—│—————————│
1|.........|
2|.........|
3|..3......|
4|.........|
5|.........|
6|........*|
7|.........|
8|...*.....|
9|.........|
—│—————————│
Set/unset mines marks or claim a cell as free: 
> 6 7 mine
 │123456789│
—│—————————│
1|.........|
2|.........|
3|..3......|
4|.........|
5|.........|
6|........*|
7|.....*...|
8|...*.....|
9|.........|
—│—————————│
Set/unset mines marks or claim a cell as free: 
> 5 9 free
 │123456789│
—│—————————│
1|.........|
2|.........|
3|..3......|
4|.........|
5|.........|
6|........*|
7|.....*...|
8|...*.....|
9|....1....|
—│—————————│
Set/unset mines marks or claim a cell as free: 
> 9 7 mine
 │123456789│
—│—————————│
1|.........|
2|.........|
3|..3......|
4|.........|
5|.........|
6|........*|
7|.....*..*|
8|...*.....|
9|....1....|
—│—————————│
Set/unset mines marks or claim a cell as free: 
> 5 8 free
 │123456789│
—│—————————│
1|.........|
2|.........|
3|..3......|
4|.........|
5|.........|
6|........*|
7|.....*..*|
8|...*1....|
9|....1....|
—│—————————│
Set/unset mines marks or claim a cell as free: 
> 2 5 free
 │123456789│
—│—————————│
1|........X|
2|........X|
3|..3.....X|
4|........X|
5|........X|
6|........X|
7|.....*..*|
8|...*1....|
9|....1....|
—│—————————│
You stepped on a mine and failed!
?[1;31m
Start test 49?[0m
How many mines do you want on the field?
> 3
 │123456789│
—│—————————│
1|.........|
2|.........|
3|.........|
4|.........|
5|.........|
6|.........|
7|.........|
8|.........|
9|.........|
—│—————————│
Set/unset mines marks or claim a cell as free: 
> 4 4 free

 │123456789│
—│—————————│
1|..2/2....|
2|..2/2....|
3|221/12332|
4|/////////|
5|221/12332|
6|..2/2....|
7|..3/3....|
8|..3/3....|
9|..2/2....|
—│—————————│
Set/unset mines marks or claim a cell as free: 
> 8 6 mine
 │123456789│
—│—————————│
1|..2/2....|
2|..2/2....|
3|221/12332|
4|/////////|
5|221/12332|
6|..2/2..*.|
7|..3/3....|
8|..3/3....|
9|..2/2....|
—│—————————│
Set/unset mines marks or claim a cell as free: 
> 7 2 free
 │123456789│
—│—————————│
1|..2/2...X|
2|..2/2...X|
3|221/12332|
4|/////////|
5|221/12332|
6|..2/2..*X|
7|..3/3...X|
8|..3/3...X|
9|..2/2...X|
—│—————————│
You stepped on a mine and failed!
?[1;31m
Start test 50?[0m
How many mines do you want on the field?
> 3
 │123456789│
—│—————————│
1|.........|
2|.........|
3|.........|
4|.........|
5|.........|
6|.........|
7|.........|
8|.........|
9|.........|
—│—————————│
Set/unset mines marks or claim a cell as free: 
> 4 5 free

 │123456789│
—│—————————│
1|..2/2....|
2|..3/3....|
3|..2/2....|
4|221/12332|
5|/////////|
6|221/12332|
7|..2/2....|
8|..3/3....|
9|..2/2....|
—│—————————│
Set/unset mines marks or claim a cell as free: 
> 1 2 free
 │123456789│
—│—————————│
1|..2/2...X|
2|..3/3...X|
3|..2/2...X|
4|221/12332|
5|/////////|
6|221/12332|
7|..2/2...X|
8|..3/3...X|
9|..2/2...X|
—│—————————│
You stepped on a mine and failed!
?[1;31m
Start test 51?[0m
How many mines do you want on the field?
> 3
 │123456789│
—│—————————│
1|.........|
2|.........|
3|.........|
4|.........|
5|.........|
6|.........|
7|.........|
8|.........|
9|.........|
—│—————————│
Set/unset mines marks or claim a cell as free: 
> 4 1 free

 │123456789│
—│—————————│
1|/////////|
2|221/12332|
3|..2/2....|
4|..3/3....|
5|..3/3....|
6|..3/3....|
7|..3/3....|
8|..3/3....|
9|..2/2....|
—│—————————│
Set/unset mines marks or claim a cell as free: 
> 2 6 free
 │123456789│
—│—————————│
1|/////////|
2|221/12332|
3|..2/2...X|
4|..3/3...X|
5|..3/3...X|
6|..3/3...X|
7|..3/3...X|
8|..3/3...X|
9|..2/2...X|
—│—————————│
You stepped on a mine and failed!
?[1;31m
Start test 52?[0m
How many mines do you want on the field?
> 3
 │123456789│
—│—————————│
1|.........|
2|.........|
3|.........|
4|.........|
5|.........|
6|.........|
7|.........|
8|.........|
9|.........|
—│—————————│
Set/unset mines marks or claim a cell as free: 
> 2 6 free

 │123456789│
—│—————————│
1|//2......|
2|//3......|
3|//3......|
4|//2......|
5|//1233332|
6|/////////|
7|//1233332|
8|//2......|
9|//2......|
—│—————————│
Set/unset mines marks or claim a cell as free: 
> 8 1 free
 │123456789│
—│—————————│
1|//2.....X|
2|//3.....X|
3|//3.....X|
4|//2.....X|
5|//1233332|
6|/////////|
7|//1233332|
8|//2.....X|
9|//2.....X|
—│—————————│
You stepped on a mine and failed!
?[1;31m
Start test 53?[0m
How many mines do you want on the field?
> 3
 │123456789│
—│—————————│
1|.........|
2|.........|
3|.........|
4|.........|
5|.........|
6|.........|
7|.........|
8|.........|
9|.........|
—│—————————│
Set/unset mines marks or claim a cell as free: 
> 7 6 free

 │123456789│
—│—————————│
1|.....2/2.|
2|.....3/3.|
3|.....3/3.|
4|.....2/2.|
5|233321/11|
6|/////////|
7|233321/11|
8|.....2/2.|
9|.....2/2.|
—│—————————│
Set/unset mines marks or claim a cell as free: 
> 1 3 free
 │123456789│
—│—————————│
1|.....2/2X|
2|.....3/3X|
3|.....3/3X|
4|.....2/2X|
5|233321/11|
6|/////////|
7|233321/11|
8|.....2/2X|
9|.....2/2X|
—│—————————│
You stepped on a mine and failed!
?[1;31m
Start test 54?[0m
How many mines do you want on the field?
> 3
 │123456789│
—│—————————│
1|.........|
2|.........|
3|.........|
4|.........|
5|.........|
6|.........|
7|.........|
8|.........|
9|.........|
—│—————————│
Set/unset mines marks or claim a cell as free: 
> 9 9 free

 │123456789│
—│—————————│
1|.......2/|
2|.......3/|
3|.......3/|
4|.......3/|
5|.......3/|
6|.......3/|
7|.......2/|
8|23333321/|
9|/////////|
—│—————————│
Set/unset mines marks or claim a cell as free: 
> 5 4 free
 │123456789│
—│—————————│
1|......X2/|
2|......X3/|
3|......X3/|
4|......X3/|
5|......X3/|
6|......X3/|
7|......X2/|
8|23333321/|
9|/////////|
—│—————————│
You stepped on a mine and failed!
?[1;31m
Start test 55?[0m
How many mines do you want on the field?
> 3
 │123456789│
—│—————————│
1|.........|
2|.........|
3|.........|
4|.........|
5|.........|
6|.........|
7|.........|
8|.........|
9|.........|
—│—————————│
Set/unset mines marks or claim a cell as free: 
> 9 8 mine

 │123456789│
—│—————————│
1|.........|
2|.........|
3|.........|
4|.........|
5|.........|
6|.........|
7|.........|
8|........*|
9|.........|
—│—————————│
Set/unset mines marks or claim a cell as free: 
> 9 8 mine
 │123456789│
—│—————————│
1|.........|
2|.........|
3|.........|
4|.........|
5|.........|
6|.........|
7|.........|
8|.........|
9|.........|
—│—————————│
Set/unset mines marks or claim a cell as free: 
> 5 2 free
 │123456789│
—│—————————│
1|......X..|
2|......X..|
3|......X..|
4|......X..|
5|......X..|
6|......X..|
7|.........|
8|.........|
9|.........|
—│—————————│
You stepped on a mine and failed!
?[1;31m
Start test 56?[0m
How many mines do you want on the field?
> 3
 │123456789│
—│—————————│
1|.........|
2|.........|
3|.........|
4|.........|
5|.........|
6|.........|
7|.........|
8|.........|
9|.........|
—│—————————│
Set/unset mines marks or claim a cell as free: 
> 2 4 free

 │123456789│
—│—————————│
1|//2......|
2|//2......|
3|//1233332|
4|/////////|
5|//1233332|
6|//2......|
7|//3......|
8|//3......|
9|//2......|
—│—————————│
Set/unset mines marks or claim a cell as free: 
> 6 6 free
 │123456789│
—│—————————│
1|//2.....X|
2|//2.....X|
3|//1233332|
4|/////////|
5|//1233332|
6|//2.....X|
7|//3.....X|
8|//3.....X|
9|//2.....X|
—│—————————│
You stepped on a mine and failed!
?[1;31m
Start test 57?[0m
How many mines do you want on the field?
> 3
 │123456789│
—│—————————│
1|.........|
2|.........|
3|.........|
4|.........|
5|.........|
6|.........|
7|.........|
8|.........|
9|.........|
—│—————————│
Set/unset mines marks or claim a cell as free: 
> 6 2 free

 │123456789│
—│—————————│
1|/////////|
2|/////////|
3|23321/122|
4|....2/2..|
5|....3/3..|
6|....3/3..|
7|....3/3..|
8|....3/3..|
9|....2/2..|
—│—————————│
Set/unset mines marks or claim a cell as free: 
> 3 6 free
 │123456789│
—│—————————│
1|/////////|
2|/////////|
3|23321/122|
4|....2/2.X|
5|....3/3.X|
6|....3/3.X|
7|....3/3.X|
8|....3/3.X|
9|....2/2.X|
—│—————————│
You stepped on a mine and failed!
?[1;31m
Start test 58?[0m
How many mines do you want on the field?
> 3
 │123456789│
—│—————————│
1|.........|
2|.........|
3|.........|
4|.........|
5|.........|
6|.........|
7|.........|
8|.........|
9|.........|
—│—————————│
Set/unset mines marks or claim a cell as free: 
> 7 5 free

 │123456789│
—│—————————│
1|.....2/2.|
2|.....3/3.|
3|.....2/2.|
4|233321/11|
5|/////////|
6|233321/11|
7|.....2/2.|
8|.....3/3.|
9|.....2/2.|
—│—————————│
Set/unset mines marks or claim a cell as free: 
> 4 8 mine
 │123456789│
—│—————————│
1|.....2/2.|
2|.....3/3.|
3|.....2/2.|
4|233321/11|
5|/////////|
6|233321/11|
7|.....2/2.|
8|...*.3/3.|
9|.....2/2.|
—│—————————│
Set/unset mines marks or claim a cell as free: 
> 3 3 free
 │123456789│
—│—————————│
1|.....2/2X|
2|.....3/3X|
3|.....2/2X|
4|233321/11|
5|/////////|
6|233321/11|
7|.....2/2X|
8|...*.3/3X|
9|.....2/2X|
—│—————————│
You stepped on a mine and failed!
?[1;31m
Start test 59?[0m
How many mines do you want on the field?
> 3
 │123456789│
—│—————————│
1|.........|
2|.........|
3|.........|
4|.........|
5|.........|
6|.........|
7|.........|
8|.........|
9|.........|
—│—————————│
Set/unset mines marks or claim a cell as free: 
> 7 4 mine

 │123456789│
—│—————————│
1|.........|
2|.........|
3|.........|
4|......*..|
5|.........|
6|.........|
7|.........|
8|.........|
9|.........|
—│—————————│
Set/unset mines marks or claim a cell as free: 
> 7 4 mine
 │123456789│
—│—————————│
1|.........|
2|.........|
3|.........|
4|.........|
5|.........|
6|.........|
7|.........|
8|.........|
9|.........|
—│—————————│
Set/unset mines marks or claim a cell as free: 
> 2 7 mine
 │123456789│
—│—————————│
1|.........|
2|.........|
3|.........|
4|.........|
5|.........|
6|.........|
7|.*.......|
8|.........|
9|.........|
—│—————————│
Set/unset mines marks or claim a cell as free: 
> 2 7 mine
 │123456789│
—│—————————│
1|.........|
2|.........|
3|.........|
4|.........|
5|.........|
6|.........|
7|.........|
8|.........|
9|.........|
—│—————————│
Set/unset mines marks or claim a cell as free: 
> 4 3 free
 │123456789│
—│—————————│
1|.........|
2|.........|
3|...3.....|
4|.........|
5|.........|
6|.........|
7|.........|
8|.........|
9|.........|
—│—————————│
Set/unset mines marks or claim a cell as free: 
> 2 3 mine
 │123456789│
—│—————————│
1|.........|
2|.........|
3|.*.3.....|
4|.........|
5|.........|
6|.........|
7|.........|
8|.........|
9|.........|
—│—————————│
Set/unset mines marks or claim a cell as free: 
> 3 9 free
 │123456789│
—│—————————│
1|........X|
2|........X|
3|.*.3.....|
4|.........|
5|.........|
6|........X|
7|........X|
8|........X|
9|........X|
—│—————————│
You stepped on a mine and failed!
?[1;31m
Start test 60?[0m
How many mines do you want on the field?
> 3
 │123456789│
—│—————————│
1|.........|
2|.........|
3|.........|
4|.........|
5|.........|
6|.........|
7|.........|
8|.........|
9|.........|
—│—————————│
Set/unset mines marks or claim a cell as free: 
> 5 5 free

 │123456789│
—│—————————│
1|...2/2...|
2|...3/3...|
3|...2/2...|
4|2321/1232|
5|/////////|
6|2321/1232|
7|...2/2...|
8|...3/3...|
9|...2/2...|
—│—————————│
Set/unset mines marks or claim a cell as free: 
> 1 8 free
 │123456789│
—│—————————│
1|...2/2..X|
2|...3/3..X|
3|...2/2..X|
4|2321/1232|
5|/////////|
6|2321/1232|
7|...2/2..X|
8|...3/3..X|
9|...2/2..X|
—│—————————│
You stepped on a mine and failed!
?[1;31m
Start test 61?[0m
How many mines do you want on the field?
> 4
 │123456789│
—│—————————│
1|.........|
2|.........|
3|.........|
4|.........|
5|.........|
6|.........|
7|.........|
8|.........|
9|.........|
—│—————————│
Set/unset mines marks or claim a cell as free: 
> 4 8 free

 │123456789│
—│—————————│
1|..2/2....|
2|..3/3....|
3|..3/3....|
4|..3/3....|
5|..3/3....|
6|..2/2....|
7|221/12332|
8|/////////|
9|/////////|
—│—————————│
Set/unset mines marks or claim a cell as free: 
> 1 6 free
 │123456789│
—│—————————│
1|..2/2...X|
2|..3/3...X|
3|..3/3...X|
4|..3/3...X|
5|..3/3...X|
6|..2/2...X|
7|221/12332|
8|/////////|
9|/////////|
—│—————————│
You stepped on a mine and failed!
?[1;31m
Start test 62?[0m
How many mines do you want on the field?
> 4
 │123456789│
—│—————————│
1|.........|
2|.........|
3|.........|
4|.........|
5|.........|
6|.........|
7|.........|
8|.........|
9|.........|
—│—————————│
Set/unset mines marks or claim a cell as free: 
> 2 4 free

 │123456789│
—│—————————│
1|//2......|
2|//2......|
3|//1233332|
4|/////////|
5|//1233332|
6|//2......|
7|//3......|
8|//3......|
9|//2......|
—│—————————│
Set/unset mines marks or claim a cell as free: 
> 4 9 free
 │123456789│
—│—————————│
1|//2.....X|
2|//2.....X|
3|//1233332|
4|/////////|
5|//1233332|
6|//2.....X|
7|//3.....X|
8|//3.....X|
9|//2.....X|
—│—————————│
You stepped on a mine and failed!
?[1;31m
Start test 63?[0m
How many mines do you want on the field?
> 4
 │123456789│
—│—————————│
1|.........|
2|.........|
3|.........|
4|.........|
5|.........|
6|.........|
7|.........|
8|.........|
9|.........|
—│—————————│
Set/unset mines marks or claim a cell as free: 
> 4 9 free

 │123456789│
—│—————————│
1|..2/2....|
2|..3/3....|
3|..3/3....|
4|..3/3....|
5|..3/3....|
6|..3/3....|
7|..2/2....|
8|221/12332|
9|/////////|
—│—————————│
Set/unset mines marks or claim a cell as free: 
> 2 1 mine
 │123456789│
—│—————————│
1|.*2/2....|
2|..3/3....|
3|..3/3....|
4|..3/3....|
5|..3/3....|
6|..3/3....|
7|..2/2....|
8|221/12332|
9|/////////|
—│—————————│
Set/unset mines marks or claim a cell as free: 
> 2 1 mine
 │123456789│
—│—————————│
1|..2/2....|
2|..3/3....|
3|..3/3....|
4|..3/3....|
5|..3/3....|
6|..3/3....|
7|..2/2....|
8|221/12332|
9|/////////|
—│—————————│
Set/unset mines marks or claim a cell as free: 
> 9 1 mine
 │123456789│
—│—————————│
1|..2/2...*|
2|..3/3....|
3|..3/3....|
4|..3/3....|
5|..3/3....|
6|..3/3....|
7|..2/2....|
8|221/12332|
9|/////////|
—│—————————│
Set/unset mines marks or claim a cell as free: 
> 6 4 free
 │123456789│
—│—————————│
1|..2/2...X|
2|..3/3...X|
3|..3/3...X|
4|..3/3...X|
5|..3/3...X|
6|..3/3...X|
7|..2/2...X|
8|221/12332|
9|/////////|
—│—————————│
You stepped on a mine and failed!
?[1;31m
Start test 64?[0m
How many mines do you want on the field?
> 4
 │123456789│
—│—————————│
1|.........|
2|.........|
3|.........|
4|.........|
5|.........|
6|.........|
7|.........|
8|.........|
9|.........|
—│—————————│
Set/unset mines marks or claim a cell as free: 
> 5 7 free

 │123456789│
—│—————————│
1|...2/2...|
2|...3/3...|
3|...3/3...|
4|...3/3...|
5|...2/2...|
6|2321/1232|
7|/////////|
8|2321/1232|
9|...1/1...|
—│—————————│
Set/unset mines marks or claim a cell as free: 
> 8 1 free
 │123456789│
—│—————————│
1|...2/2..X|
2|...3/3..X|
3|...3/3..X|
4|...3/3..X|
5|...2/2..X|
6|2321/1232|
7|/////////|
8|2321/1232|
9|...1/1..X|
—│—————————│
You stepped on a mine and failed!
?[1;31m
Start test 65?[0m
How many mines do you want on the field?
> 4
 │123456789│
—│—————————│
1|.........|
2|.........|
3|.........|
4|.........|
5|.........|
6|.........|
7|.........|
8|.........|
9|.........|
—│—————————│
Set/unset mines marks or claim a cell as free: 
> 7 4 free

 │123456789│
—│—————————│
1|.....2/2.|
2|.....2/2.|
3|233321/11|
4|/////////|
5|233321/11|
6|.....2/2.|
7|.....3/3.|
8|.....3/3.|
9|.....2/2.|
—│—————————│
Set/unset mines marks or claim a cell as free: 
> 3 6 free
 │123456789│
—│—————————│
1|.....2/2X|
2|.....2/2X|
3|233321/11|
4|/////////|
5|233321/11|
6|.....2/2X|
7|.....3/3X|
8|.....3/3X|
9|.....2/2X|
—│—————————│
You stepped on a mine and failed!
?[1;31m
Start test 66?[0m
How many mines do you want on the field?
> 4
 │123456789│
—│—————————│
1|.........|
2|.........|
3|.........|
4|.........|
5|.........|
6|.........|
7|.........|
8|.........|
9|.........|
—│—————————│
Set/unset mines marks or claim a cell as free: 
> 8 2 free

 │123456789│
—│—————————│
1|/////////|
2|/////////|
3|2333321//|
4|......2//|
5|......3//|
6|......3//|
7|......3//|
8|......3//|
9|......2//|
—│—————————│
Set/unset mines marks or claim a cell as free: 
> 6 7 free
 │123456789│
—│—————————│
1|/////////|
2|/////////|
3|2333321//|
4|.....X2//|
5|.....X3//|
6|.....X3//|
7|.....X3//|
8|.....X3//|
9|.....X2//|
—│—————————│
You stepped on a mine and failed!
?[1;31m
Start test 67?[0m
How many mines do you want on the field?
> 4
 │123456789│
—│—————————│
1|.........|
2|.........|
3|.........|
4|.........|
5|.........|
6|.........|
7|.........|
8|.........|
9|.........|
—│—————————│
Set/unset mines marks or claim a cell as free: 
> 4 9 free

 │123456789│
—│—————————│
1|..2/2....|
2|..3/3....|
3|..3/3....|
4|..3/3....|
5|..3/3....|
6|..3/3....|
7|..2/2....|
8|221/12332|
9|/////////|
—│—————————│
Set/unset mines marks or claim a cell as free: 
> 6 6 mine
 │123456789│
—│—————————│
1|..2/2....|
2|..3/3....|
3|..3/3....|
4|..3/3....|
5|..3/3....|
6|..3/3*...|
7|..2/2....|
8|221/12332|
9|/////////|
—│—————————│
Set/unset mines marks or claim a cell as free: 
> 8 5 free
 │123456789│
—│—————————│
1|..2/2...X|
2|..3/3...X|
3|..3/3...X|
4|..3/3...X|
5|..3/3...X|
6|..3/3*..X|
7|..2/2...X|
8|221/12332|
9|/////////|
—│—————————│
You stepped on a mine and failed!
?[1;31m
Start test 68?[0m
How many mines do you want on the field?
> 4
 │123456789│
—│—————————│
1|.........|
2|.........|
3|.........|
4|.........|
5|.........|
6|.........|
7|.........|
8|.........|
9|.........|
—│—————————│
Set/unset mines marks or claim a cell as free: 
> 5 7 free

 │123456789│
—│—————————│
1|...2/2...|
2|...3/3...|
3|...3/3...|
4|...3/3...|
5|...2/2...|
6|2321/1232|
7|/////////|
8|2321/1232|
9|...1/1...|
—│—————————│
Set/unset mines marks or claim a cell as free: 
> 8 9 free
 │123456789│
—│—————————│
1|...2/2..X|
2|...3/3..X|
3|...3/3..X|
4|...3/3..X|
5|...2/2..X|
6|2321/1232|
7|/////////|
8|2321/1232|
9|...1/1..X|
—│—————————│
You stepped on a mine and failed!
?[1;31m
Start test 69?[0m
How many mines do you want on the field?
> 4
 │123456789│
—│—————————│
1|.........|
2|.........|
3|.........|
4|.........|
5|.........|
6|.........|
7|.........|
8|.........|
9|.........|
—│—————————│
Set/unset mines marks or claim a cell as free: 
> 7 4 mine

 │123456789│
—│—————————│
1|.........|
2|.........|
3|.........|
4|......*..|
5|.........|
6|.........|
7|.........|
8|.........|
9|.........|
—│—————————│
Set/unset mines marks or claim a cell as free: 
> 2 4 free
 │123456789│
—│—————————│
1|.........|
2|.........|
3|.........|
4|......*..|
5|.........|
6|.........|
7|.........|
8|.........|
9|.........|
—│—————————│
Set/unset mines marks or claim a cell as free: 
> 7 3 free
 │123456789│
—│—————————│
1|.........|
2|.........|
3|......1..|
4|......*..|
5|.........|
6|.........|
7|.........|
8|.........|
9|.........|
—│—————————│
Set/unset mines marks or claim a cell as free: 
> 2 9 free
 │123456789│
—│—————————│
1|........X|
2|........X|
3|......1..|
4|......*..|
5|.........|
6|........X|
7|........X|
8|........X|
9|........X|
—│—————————│
You stepped on a mine and failed!
?[1;31m
Start test 70?[0m
How many mines do you want on the field?
> 4
 │123456789│
—│—————————│
1|.........|
2|.........|
3|.........|
4|.........|
5|.........|
6|.........|
7|.........|
8|.........|
9|.........|
—│—————————│
Set/unset mines marks or claim a cell as free: 
> 5 1 free

 │123456789│
—│—————————│
1|/////////|
2|2321/1232|
3|...2/2...|
4|...3/3...|
5|...3/3...|
6|...3/3...|
7|...3/3...|
8|...3/3...|
9|...2/2...|
—│—————————│
Set/unset mines marks or claim a cell as free: 
> 3 3 free
 │123456789│
—│—————————│
1|/////////|
2|2321/1232|
3|...2/2..X|
4|...3/3..X|
5|...3/3..X|
6|...3/3..X|
7|...3/3..X|
8|...3/3..X|
9|...2/2..X|
—│—————————│
You stepped on a mine and failed!
?[1;31m
Start test 71?[0m
How many mines do you want on the field?
> 4
 │123456789│
—│—————————│
1|.........|
2|.........|
3|.........|
4|.........|
5|.........|
6|.........|
7|.........|
8|.........|
9|.........|
—│—————————│
Set/unset mines marks or claim a cell as free: 
> 6 8 free

 │123456789│
—│—————————│
1|....2/2..|
2|....3/3..|
3|....3/3..|
4|....3/3..|
5|....3/3..|
6|....2/2..|
7|23321/122|
8|/////////|
9|/////////|
—│—————————│
Set/unset mines marks or claim a cell as free: 
> 2 1 free
 │123456789│
—│—————————│
1|....2/2.X|
2|....3/3.X|
3|....3/3.X|
4|....3/3.X|
5|....3/3.X|
6|....2/2.X|
7|23321/122|
8|/////////|
9|/////////|
—│—————————│
You stepped on a mine and failed!
?[1;31m
Start test 72?[0m
How many mines do you want on the field?
> 4
 │123456789│
—│—————————│
1|.........|
2|.........|
3|.........|
4|.........|
5|.........|
6|.........|
7|.........|
8|.........|
9|.........|
—│—————————│
Set/unset mines marks or claim a cell as free: 
> 8 2 free

 │123456789│
—│—————————│
1|/////////|
2|/////////|
3|2333321//|
4|......2//|
5|......3//|
6|......3//|
7|......3//|
8|......3//|
9|......2//|
—│—————————│
Set/unset mines marks or claim a cell as free: 
> 5 4 free
 │123456789│
—│—————————│
1|/////////|
2|/////////|
3|2333321//|
4|.....X2//|
5|.....X3//|
6|.....X3//|
7|.....X3//|
8|.....X3//|
9|.....X2//|
—│—————————│
You stepped on a mine and failed!
?[1;31m
Start test 73?[0m
How many mines do you want on the field?
> 4
 │123456789│
—│—————————│
1|.........|
2|.........|
3|.........|
4|.........|
5|.........|
6|.........|
7|.........|
8|.........|
9|.........|
—│—————————│
Set/unset mines marks or claim a cell as free: 
> 3 9 free

 │123456789│
—│—————————│
1|.2/2.....|
2|.3/3.....|
3|.3/3.....|
4|.3/3.....|
5|.3/3.....|
6|.3/3.....|
7|.2/2.....|
8|11/123332|
9|/////////|
—│—————————│
Set/unset mines marks or claim a cell as free: 
> 7 7 mine
 │123456789│
—│—————————│
1|.2/2.....|
2|.3/3.....|
3|.3/3.....|
4|.3/3.....|
5|.3/3.....|
6|.3/3.....|
7|.2/2..*..|
8|11/123332|
9|/////////|
—│—————————│
Set/unset mines marks or claim a cell as free: 
> 9 7 free
 │123456789│
—│—————————│
1|.2/2....X|
2|.3/3....X|
3|.3/3....X|
4|.3/3....X|
5|.3/3....X|
6|.3/3....X|
7|.2/2..*.X|
8|11/123332|
9|/////////|
—│—————————│
You stepped on a mine and failed!
?[1;31m
Start test 74?[0m
How many mines do you want on the field?
> 4
 │123456789│
—│—————————│
1|.........|
2|.........|
3|.........|
4|.........|
5|.........|
6|.........|
7|.........|
8|.........|
9|.........|
—│—————————│
Set/unset mines marks or claim a cell as free: 
> 2 2 free

 │123456789│
—│—————————│
1|/////////|
2|/////////|
3|//1233332|
4|//2......|
5|//3......|
6|//3......|
7|//3......|
8|//3......|
9|//2......|
—│—————————│
Set/unset mines marks or claim a cell as free: 
> 8 8 mine
 │123456789│
—│—————————│
1|/////////|
2|/////////|
3|//1233332|
4|//2......|
5|//3......|
6|//3......|
7|//3......|
8|//3....*.|
9|//2......|
—│—————————│
Set/unset mines marks or claim a cell as free: 
> 8 9 free
 │123456789│
—│—————————│
1|/////////|
2|/////////|
3|//1233332|
4|//2.....X|
5|//3.....X|
6|//3.....X|
7|//3.....X|
8|//3....*X|
9|//2.....X|
—│—————————│
You stepped on a mine and failed!
?[1;31m
Start test 75?[0m
How many mines do you want on the field?
> 4
 │123456789│
—│—————————│
1|.........|
2|.........|
3|.........|
4|.........|
5|.........|
6|.........|
7|.........|
8|.........|
9|.........|
—│—————————│
Set/unset mines marks or claim a cell as free: 
> 3 6 free

 │123456789│
—│—————————│
1|.2/2.....|
2|.3/3.....|
3|.3/3.....|
4|.2/2.....|
5|11/123332|
6|/////////|
7|11/123332|
8|.2/2.....|
9|.2/2.....|
—│—————————│
Set/unset mines marks or claim a cell as free: 
> 9 3 free
 │123456789│
—│—————————│
1|.2/2....X|
2|.3/3....X|
3|.3/3....X|
4|.2/2....X|
5|11/123332|
6|/////////|
7|11/123332|
8|.2/2....X|
9|.2/2....X|
—│—————————│
You stepped on a mine and failed!
?[1;31m
Start test 76?[0m
How many mines do you want on the field?
> 4
 │123456789│
—│—————————│
1|.........|
2|.........|
3|.........|
4|.........|
5|.........|
6|.........|
7|.........|
8|.........|
9|.........|
—│—————————│
Set/unset mines marks or claim a cell as free: 
> 7 4 mine

 │123456789│
—│—————————│
1|.........|
2|.........|
3|.........|
4|......*..|
5|.........|
6|.........|
7|.........|
8|.........|
9|.........|
—│—————————│
Set/unset mines marks or claim a cell as free: 
> 7 4 mine
 │123456789│
—│—————————│
1|.........|
2|.........|
3|.........|
4|.........|
5|.........|
6|.........|
7|.........|
8|.........|
9|.........|
—│—————————│
Set/unset mines marks or claim a cell as free: 
> 4 7 free
 │123456789│
—│—————————│
1|........X|
2|........X|
3|.........|
4|.........|
5|.........|
6|........X|
7|........X|
8|........X|
9|........X|
—│—————————│
You stepped on a mine and failed!
?[1;31m
Start test 77?[0m
How many mines do you want on the field?
> 4
 │123456789│
—│—————————│
1|.........|
2|.........|
3|.........|
4|.........|
5|.........|
6|.........|
7|.........|
8|.........|
9|.........|
—│—————————│
Set/unset mines marks or claim a cell as free: 
> 3 4 free

 │123456789│
—│—————————│
1|.2/2.....|
2|.2/2.....|
3|11/123332|
4|/////////|
5|11/123332|
6|.2/2.....|
7|.3/3.....|
8|.3/3.....|
9|.2/2.....|
—│—————————│
Set/unset mines marks or claim a cell as free: 
> 7 8 free
 │123456789│
—│—————————│
1|.2/2....X|
2|.2/2....X|
3|11/123332|
4|/////////|
5|11/123332|
6|.2/2....X|
7|.3/3....X|
8|.3/3....X|
9|.2/2....X|
—│—————————│
You stepped on a mine and failed!
?[1;31m
Start test 78?[0m
How many mines do you want on the field?
> 4
 │123456789│
—│—————————│
1|.........|
2|.........|
3|.........|
4|.........|
5|.........|
6|.........|
7|.........|
8|.........|
9|.........|
—│—————————│
Set/unset mines marks or claim a cell as free: 
> 4 1 free

 │123456789│
—│—————————│
1|/////////|
2|221/12332|
3|..2/2....|
4|..3/3....|
5|..3/3....|
6|..3/3....|
7|..3/3....|
8|..3/3....|
9|..2/2....|
—│—————————│
Set/unset mines marks or claim a cell as free: 
> 7 6 free
 │123456789│
—│—————————│
1|/////////|
2|221/12332|
3|..2/2...X|
4|..3/3...X|
5|..3/3...X|
6|..3/3...X|
7|..3/3...X|
8|..3/3...X|
9|..2/2...X|
—│—————————│
You stepped on a mine and failed!
?[1;31m
Start test 79?[0m
How many mines do you want on the field?
> 4
 │123456789│
—│—————————│
1|.........|
2|.........|
3|.........|
4|.........|
5|.........|
6|.........|
7|.........|
8|.........|
9|.........|
—│—————————│
Set/unset mines marks or claim a cell as free: 
> 9 9 free

 │123456789│
—│—————————│
1|.......2/|
2|.......3/|
3|.......3/|
4|.......3/|
5|.......3/|
6|.......3/|
7|.......2/|
8|23333321/|
9|/////////|
—│—————————│
Set/unset mines marks or claim a cell as free: 
> 3 5 free
 │123456789│
—│—————————│
1|......X2/|
2|......X3/|
3|......X3/|
4|......X3/|
5|......X3/|
6|......X3/|
7|......X2/|
8|23333321/|
9|/////////|
—│—————————│
You stepped on a mine and failed!
?[1;31m
Start test 80?[0m
How many mines do you want on the field?
> 4
 │123456789│
—│—————————│
1|.........|
2|.........|
3|.........|
4|.........|
5|.........|
6|.........|
7|.........|
8|.........|
9|.........|
—│—————————│
Set/unset mines marks or claim a cell as free: 
> 1 6 mine

 │123456789│
—│—————————│
1|.........|
2|.........|
3|.........|
4|.........|
5|.........|
6|*........|
7|.........|
8|.........|
9|.........|
—│—————————│
Set/unset mines marks or claim a cell as free: 
> 3 7 mine
 │123456789│
—│—————————│
1|.........|
2|.........|
3|.........|
4|.........|
5|.........|
6|*........|
7|..*......|
8|.........|
9|.........|
—│—————————│
Set/unset mines marks or claim a cell as free: 
> 4 3 free
 │123456789│
—│—————————│
1|........X|
2|........X|
3|........X|
4|........X|
5|.........|
6|*........|
7|..*......|
8|........X|
9|........X|
—│—————————│
You stepped on a mine and failed!
?[1;31m
Start test 81?[0m
How many mines do you want on the field?
> 5
 │123456789│
—│—————————│
1|.........|
2|.........|
3|.........|
4|.........|
5|.........|
6|.........|
7|.........|
8|.........|
9|.........|
—│—————————│
Set/unset mines marks or claim a cell as free: 
> 5 7 free

 │123456789│
—│—————————│
1|...2/2...|
2|...3/3...|
3|...3/3...|
4|...3/3...|
5|...2/2...|
6|2321/1232|
7|/////////|
8|2321/1232|
9|...1/1...|
—│—————————│
Set/unset mines marks or claim a cell as free: 
> 1 4 mine
 │123456789│
—│—————————│
1|...2/2...|
2|...3/3...|
3|...3/3...|
4|*..3/3...|
5|...2/2...|
6|2321/1232|
7|/////////|
8|2321/1232|
9|...1/1...|
—│—————————│
Set/unset mines marks or claim a cell as free: 
> 2 2 mine
 │123456789│
—│—————————│
1|...2/2...|
2|.*.3/3...|
3|...3/3...|
4|*..3/3...|
5|...2/2...|
6|2321/1232|
7|/////////|
8|2321/1232|
9|...1/1...|
—│—————————│
Set/unset mines marks or claim a cell as free: 
> 7 3 free
 │123456789│
—│—————————│
1|...2/2..X|
2|.*.3/3..X|
3|...3/3..X|
4|*..3/3..X|
5|...2/2..X|
6|2321/1232|
7|/////////|
8|2321/1232|
9|...1/1..X|
—│—————————│
You stepped on a mine and failed!
?[1;31m
Start test 82?[0m
How many mines do you want on the field?
> 5
 │123456789│
—│—————————│
1|.........|
2|.........|
3|.........|
4|.........|
5|.........|
6|.........|
7|.........|
8|.........|
9|.........|
—│—————————│
Set/unset mines marks or claim a cell as free: 
> 7 4 free

 │123456789│
—│—————————│
1|.....2/2.|
2|.....2/2.|
3|233321/11|
4|/////////|
5|233321/11|
6|.....2/2.|
7|.....3/3.|
8|.....3/3.|
9|.....2/2.|
—│—————————│
Set/unset mines marks or claim a cell as free: 
> 3 1 free
 │123456789│
—│—————————│
1|.....2/2X|
2|.....2/2X|
3|233321/11|
4|/////////|
5|233321/11|
6|.....2/2X|
7|.....3/3X|
8|.....3/3X|
9|.....2/2X|
—│—————————│
You stepped on a mine and failed!
?[1;31m
Start test 83?[0m
How many mines do you want on the field?
> 6
 │123456789│
—│—————————│
1|.........|
2|.........|
3|.........|
4|.........|
5|.........|
6|.........|
7|.........|
8|.........|
9|.........|
—│—————————│
Set/unset mines marks or claim a cell as free: 
> 6 6 free

 │123456789│
—│—————————│
1|....2/2..|
2|....3/3..|
3|....3/3..|
4|....2/2..|
5|23321/122|
6|/////////|
7|23321/122|
8|....2/2..|
9|....2/2..|
—│—————————│
Set/unset mines marks or claim a cell as free: 
> 4 2 mine
 │123456789│
—│—————————│
1|....2/2..|
2|...*3/3..|
3|....3/3..|
4|....2/2..|
5|23321/122|
6|/////////|
7|23321/122|
8|....2/2..|
9|....2/2..|
—│—————————│
Set/unset mines marks or claim a cell as free: 
> 4 2 mine
 │123456789│
—│—————————│
1|....2/2..|
2|....3/3..|
3|....3/3..|
4|....2/2..|
5|23321/122|
6|/////////|
7|23321/122|
8|....2/2..|
9|....2/2..|
—│—————————│
Set/unset mines marks or claim a cell as free: 
> 9 1 free
 │123456789│
—│—————————│
1|....2/2.X|
2|....3/3.X|
3|....3/3.X|
4|....2/2.X|
5|23321/122|
6|/////////|
7|23321/122|
8|....2/2.X|
9|....2/2.X|
—│—————————│
You stepped on a mine and failed!
?[1;31m
Start test 84?[0m
How many mines do you want on the field?
> 6
 │123456789│
—│—————————│
1|.........|
2|.........|
3|.........|
4|.........|
5|.........|
6|.........|
7|.........|
8|.........|
9|.........|
—│—————————│
Set/unset mines marks or claim a cell as free: 
> 3 3 free

 │123456789│
—│—————————│
1|.1/1.....|
2|11/123332|
3|/////////|
4|11/123332|
5|.2/2.....|
6|.3/3.....|
7|.3/3.....|
8|.3/3.....|
9|.2/2.....|
—│—————————│
Set/unset mines marks or claim a cell as free: 
> 7 6 mine
 │123456789│
—│—————————│
1|.1/1.....|
2|11/123332|
3|/////////|
4|11/123332|
5|.2/2.....|
6|.3/3..*..|
7|.3/3.....|
8|.3/3.....|
9|.2/2.....|
—│—————————│
Set/unset mines marks or claim a cell as free: 
> 7 6 mine
 │123456789│
—│—————————│
1|.1/1.....|
2|11/123332|
3|/////////|
4|11/123332|
5|.2/2.....|
6|.3/3.....|
7|.3/3.....|
8|.3/3.....|
9|.2/2.....|
—│—————————│
Set/unset mines marks or claim a cell as free: 
> 9 9 free
 │123456789│
—│—————————│
1|.1/1....X|
2|11/123332|
3|/////////|
4|11/123332|
5|.2/2....X|
6|.3/3....X|
7|.3/3....X|
8|.3/3....X|
9|.2/2....X|
—│—————————│
You stepped on a mine and failed!
?[1;31m
Start test 85?[0m
How many mines do you want on the field?
> 7
 │123456789│
—│—————————│
1|.........|
2|.........|
3|.........|
4|.........|
5|.........|
6|.........|
7|.........|
8|.........|
9|.........|
—│—————————│
Set/unset mines marks or claim a cell as free: 
> 2 6 free

 │123456789│
—│—————————│
1|//2......|
2|//3......|
3|//3......|
4|//2......|
5|//1233332|
6|/////////|
7|//1233332|
8|//2......|
9|//2......|
—│—————————│
Set/unset mines marks or claim a cell as free: 
> 4 9 mine
 │123456789│
—│—————————│
1|//2......|
2|//3......|
3|//3......|
4|//2......|
5|//1233332|
6|/////////|
7|//1233332|
8|//2......|
9|//2*.....|
—│—————————│
Set/unset mines marks or claim a cell as free: 
> 9 8 mine
 │123456789│
—│—————————│
1|//2......|
2|//3......|
3|//3......|
4|//2......|
5|//1233332|
6|/////////|
7|//1233332|
8|//2.....*|
9|//2*.....|
—│—————————│
Set/unset mines marks or claim a cell as free: 
> 4 8 free
 │123456789│
—│—————————│
1|//2.....X|
2|//3.....X|
3|//3.....X|
4|//2.....X|
5|//1233332|
6|/////////|
7|//1233332|
8|//2.....X|
9|//2*....X|
—│—————————│
You stepped on a mine and failed!
?[1;31m
Start test 86?[0m
How many mines do you want on the field?
> 7
 │123456789│
—│—————————│
1|.........|
2|.........|
3|.........|
4|.........|
5|.........|
6|.........|
7|.........|
8|.........|
9|.........|
—│—————————│
Set/unset mines marks or claim a cell as free: 
> 3 6 free

 │123456789│
—│—————————│
1|.2/2.....|
2|.3/3.....|
3|.3/3.....|
4|.2/2.....|
5|11/123332|
6|/////////|
7|11/123332|
8|.2/2.....|
9|.2/2.....|
—│—————————│
Set/unset mines marks or claim a cell as free: 
> 8 2 mine
 │123456789│
—│—————————│
1|.2/2.....|
2|.3/3...*.|
3|.3/3.....|
4|.2/2.....|
5|11/123332|
6|/////////|
7|11/123332|
8|.2/2.....|
9|.2/2.....|
—│—————————│
Set/unset mines marks or claim a cell as free: 
> 5 1 free
 │123456789│
—│—————————│
1|.2/2....X|
2|.3/3...*X|
3|.3/3....X|
4|.2/2....X|
5|11/123332|
6|/////////|
7|11/123332|
8|.2/2....X|
9|.2/2....X|
—│—————————│
You stepped on a mine and failed!
?[1;31m
Start test 87?[0m
How many mines do you want on the field?
> 8
 │123456789│
—│—————————│
1|.........|
2|.........|
3|.........|
4|.........|
5|.........|
6|.........|
7|.........|
8|.........|
9|.........|
—│—————————│
Set/unset mines marks or claim a cell as free: 
> 6 4 mine

 │123456789│
—│—————————│
1|.........|
2|.........|
3|.........|
4|.....*...|
5|.........|
6|.........|
7|.........|
8|.........|
9|.........|
—│—————————│
Set/unset mines marks or claim a cell as free: 
> 5 4 free
 │123456789│
—│—————————│
1|.........|
2|.........|
3|.........|
4|....1*...|
5|.........|
[...]
6|..3/3....|
7|..3/3....|
8|..3/3....|
9|..2/2....|
—│—————————│
Set/unset mines marks or claim a cell as free: 
> 9 6 mine
 │123456789│
—│—————————│
1|/////////|
2|221/12332|
3|..2/2....|
4|..3/3....|
5|..3/3....|
6|..3/3...*|
7|..3/3....|
8|..3/3....|
9|..2/2....|
—│—————————│
Set/unset mines marks or claim a cell as free: 
> 9 6 mine
 │123456789│
—│—————————│
1|/////////|
2|221/12332|
3|..2/2....|
4|..3/3....|
5|..3/3....|
6|..3/3....|
7|..3/3....|
8|..3/3....|
9|..2/2....|
—│—————————│
Set/unset mines marks or claim a cell as free: 
> 8 5 free
 │123456789│
—│—————————│
1|/////////|
2|221/12332|
3|..2/2...X|
4|..3/3...X|
5|..3/3...X|
6|..3/3...X|
7|..3/3...X|
8|..3/3...X|
9|..2/2...X|
—│—————————│
You stepped on a mine and failed!
?[1;31m
Start test 99?[0m
How many mines do you want on the field?
> 30
 │123456789│
—│—————————│
1|.........|
2|.........|
3|.........|
4|.........|
5|.........|
6|.........|
7|.........|
8|.........|
9|.........|
—│—————————│
Set/unset mines marks or claim a cell as free: 
> 4 5 free

 │123456789│
—│—————————│
1|..2/2....|
2|..3/3....|
3|..2/2....|
4|221/12332|
5|/////////|
6|221/12332|
7|..2/2....|
8|..3/3....|
9|..2/2....|
—│—————————│
Set/unset mines marks or claim a cell as free: 
> 8 2 free
 │123456789│
—│—————————│
1|..2/2...X|
2|..3/3...X|
3|..2/2...X|
4|221/12332|
5|/////////|
6|221/12332|
7|..2/2...X|
8|..3/3...X|
9|..2/2...X|
—│—————————│
You stepped on a mine and failed!
?[1;31m
Start test 100?[0m
How many mines do you want on the field?
> 30
 │123456789│
—│—————————│
1|.........|
2|.........|
3|.........|
4|.........|
5|.........|
6|.........|
7|.........|
8|.........|
9|.........|
—│—————————│
Set/unset mines marks or claim a cell as free: 
> 3 5 free

 │123456789│
—│—————————│
1|.2/2.....|
2|.3/3.....|
3|.2/2.....|
4|11/123332|
5|/////////|
6|11/123332|
7|.2/2.....|
8|.3/3.....|
9|.2/2.....|
—│—————————│
Set/unset mines marks or claim a cell as free: 
> 5 7 free
 │123456789│
—│—————————│
1|.2/2....X|
2|.3/3....X|
3|.2/2....X|
4|11/123332|
5|/////////|
6|11/123332|
7|.2/2....X|
8|.3/3....X|
9|.2/2....X|
—│—————————│
You stepped on a mine and failed!
?[1;31m
Start test 101?[0m
How many mines do you want on the field?
> 35
 │123456789│
—│—————————│
1|.........|
2|.........|
3|.........|
4|.........|
5|.........|
6|.........|
7|.........|
8|.........|
9|.........|
—│—————————│
Set/unset mines marks or claim a cell as free: 
> 3 2 mine

 │123456789│
—│—————————│
1|.........|
2|..*......|
3|.........|
4|.........|
5|.........|
6|.........|
7|.........|
8|.........|
9|.........|
—│—————————│
Set/unset mines marks or claim a cell as free: 
> 3 2 mine
 │123456789│
—│—————————│
1|.........|
2|.........|
3|.........|
4|.........|
5|.........|
6|.........|
7|.........|
8|.........|
9|.........|
—│—————————│
Set/unset mines marks or claim a cell as free: 
> 8 8 mine
 │123456789│
—│—————————│
1|.........|
2|.........|
3|.........|
4|.........|
5|.........|
6|.........|
7|.........|
8|.......*.|
9|.........|
—│—————————│
Set/unset mines marks or claim a cell as free: 
> 4 9 free
 │123456789│
—│—————————│
1|/1.......|
2|/1.......|
3|12.......|
4|.........|
5|.........|
6|.........|
7|.........|
8|.......*.|
9|...2.....|
—│—————————│
Set/unset mines marks or claim a cell as free: 
> 8 8 mine
 │123456789│
—│—————————│
1|/1.......|
2|/1.......|
3|12.......|
4|.........|
5|.........|
6|.........|
7|.........|
8|.........|
9|...2.....|
—│—————————│
Set/unset mines marks or claim a cell as free: 
> 2 7 mine
 │123456789│
—│—————————│
1|/1.......|
2|/1.......|
3|12.......|
4|.........|
5|.........|
6|.........|
7|.*.......|
8|.........|
9|...2.....|
—│—————————│
Set/unset mines marks or claim a cell as free: 
> 2 7 mine
 │123456789│
—│—————————│
1|/1.......|
2|/1.......|
3|12.......|
4|.........|
5|.........|
6|.........|
7|.........|
8|.........|
9|...2.....|
—│—————————│
Set/unset mines marks or claim a cell as free: 
> 2 8 free
 │123456789│
—│—————————│
1|/1.......|
2|/1.......|
3|12.......|
4|.........|
5|.........|
6|.........|
7|.........|
8|.3.......|
9|...2.....|
—│—————————│
Set/unset mines marks or claim a cell as free: 
> 7 7 mine
 │123456789│
—│—————————│
1|/1.......|
2|/1.......|
3|12.......|
4|.........|
5|.........|
6|.........|
7|......*..|
8|.3.......|
9|...2.....|
—│—————————│
Set/unset mines marks or claim a cell as free: 
> 8 5 mine
 │123456789│
—│—————————│
1|/1.......|
2|/1.......|
3|12.......|
4|.........|
5|.......*.|
6|.........|
7|......*..|
8|.3.......|
9|...2.....|
—│—————————│
Set/unset mines marks or claim a cell as free: 
> 5 9 free
 │123456789│
—│—————————│
1|/1.......|
2|/1.......|
3|12.......|
4|........X|
5|.......*X|
6|........X|
7|......*.X|
8|.3......X|
9|...2....X|
—│—————————│
You stepped on a mine and failed!
?[1;31m
Start test 102?[0m
How many mines do you want on the field?
> 35
 │123456789│
—│—————————│
1|.........|
2|.........|
3|.........|
4|.........|
5|.........|
6|.........|
7|.........|
8|.........|
9|.........|
—│—————————│
Set/unset mines marks or claim a cell as free: 
> 8 6 free

 │123456789│
—│—————————│
1|......2//|
2|......3//|
3|......3//|
4|......2//|
5|2333321//|
6|/////////|
7|2333321//|
8|......2//|
9|......2//|
—│—————————│
Set/unset mines marks or claim a cell as free: 
> 1 1 free
 │123456789│
—│—————————│
1|.....X2//|
2|.....X3//|
3|.....X3//|
4|.....X2//|
5|2333321//|
6|/////////|
7|2333321//|
8|.....X2//|
9|.....X2//|
—│—————————│
You stepped on a mine and failed!
?[1;31m
Start test 103?[0m
How many mines do you want on the field?
> 40
 │123456789│
—│—————————│
1|.........|
2|.........|
3|.........|
4|.........|
5|.........|
6|.........|
7|.........|
8|.........|
9|.........|
—│—————————│
Set/unset mines marks or claim a cell as free: 
> 7 4 free

 │123456789│
—│—————————│
1|.....2/2.|
2|.....2/2.|
3|233321/11|
4|/////////|
5|233321/11|
6|.....2/2.|
7|.....3/3.|
8|.....3/3.|
9|.....2/2.|
—│—————————│
Set/unset mines marks or claim a cell as free: 
> 5 8 free
 │123456789│
—│—————————│
1|.....2/2X|
2|.....2/2X|
3|233321/11|
4|/////////|
5|233321/11|
6|.....2/2X|
7|.....3/3X|
8|.....3/3X|
9|.....2/2X|
—│—————————│
You stepped on a mine and failed!
?[1;31m
Start test 104?[0m
How many mines do you want on the field?
> 40
 │123456789│
—│—————————│
1|.........|
2|.........|
3|.........|
4|.........|
5|.........|
6|.........|
7|.........|
8|.........|
9|.........|
—│—————————│
Set/unset mines marks or claim a cell as free: 
> 9 9 free

 │123456789│
—│—————————│
1|.......2/|
2|.......3/|
3|.......3/|
4|.......3/|
5|.......3/|
6|.......3/|
7|.......2/|
8|23333321/|
9|/////////|
—│—————————│
Set/unset mines marks or claim a cell as free: 
> 7 1 free
 │123456789│
—│—————————│
1|......X2/|
2|......X3/|
3|......X3/|
4|......X3/|
5|......X3/|
6|......X3/|
7|......X2/|
8|23333321/|
9|/////////|
—│—————————│
You stepped on a mine and failed!
?[1;31m
Start test 105?[0m
How many mines do you want on the field?
> 45
 │123456789│
—│—————————│
1|.........|
2|.........|
3|.........|
4|.........|
5|.........|
6|.........|
7|.........|
8|.........|
9|.........|
—│—————————│
Set/unset mines marks or claim a cell as free: 
> 3 1 free

 │123456789│
—│—————————│
1|/////////|
2|11/123332|
3|.2/2.....|
4|.3/3.....|
5|.3/3.....|
6|.3/3.....|
7|.3/3.....|
8|.3/3.....|
9|.2/2.....|
—│—————————│
Set/unset mines marks or claim a cell as free: 
> 5 9 mine
 │123456789│
—│—————————│
1|/////////|
2|11/123332|
3|.2/2.....|
4|.3/3.....|
5|.3/3.....|
6|.3/3.....|
7|.3/3.....|
8|.3/3.....|
9|.2/2*....|
—│—————————│
Set/unset mines marks or claim a cell as free: 
> 9 6 free
 │123456789│
—│—————————│
1|/////////|
2|11/123332|
3|.2/2....X|
4|.3/3....X|
5|.3/3....X|
6|.3/3....X|
7|.3/3....X|
8|.3/3....X|
9|.2/2*...X|
—│—————————│
You stepped on a mine and failed!
?[1;31m
Start test 106?[0m
How many mines do you want on the field?
> 45
 │123456789│
—│—————————│
1|.........|
2|.........|
3|.........|
4|.........|
5|.........|
6|.........|
7|.........|
8|.........|
9|.........|
—│—————————│
Set/unset mines marks or claim a cell as free: 
> 7 8 mine

 │123456789│
—│—————————│
1|.........|
2|.........|
3|.........|
4|.........|
5|.........|
6|.........|
7|.........|
8|......*..|
9|.........|
—│—————————│
Set/unset mines marks or claim a cell as free: 
> 2 9 free
 │123456789│
—│—————————│
1|.........|
2|.........|
3|.........|
4|.........|
5|.........|
6|.........|
7|.........|
8|......*..|
9|.........|
—│—————————│
Set/unset mines marks or claim a cell as free: 
> 5 8 free
 │123456789│
—│—————————│
1|.........|
2|.........|
3|.........|
4|.........|
5|.........|
6|.........|
7|.........|
8|......*..|
9|.........|
—│—————————│
Set/unset mines marks or claim a cell as free: 
> 7 8 mine
 │123456789│
—│—————————│
1|.........|
2|.........|
3|.........|
4|.........|
5|.........|
6|.........|
7|.........|
8|.........|
9|.........|
—│—————————│
Set/unset mines marks or claim a cell as free: 
> 4 9 mine
 │123456789│
—│—————————│
1|.........|
2|.........|
3|.........|
4|.........|
5|.........|
6|.........|
7|.........|
8|.........|
9|...*.....|
—│—————————│
Set/unset mines marks or claim a cell as free: 
> 8 2 free
 │123456789│
—│—————————│
1|.........|
2|.......3.|
3|.........|
4|.........|
5|.........|
6|.........|
7|.........|
8|.........|
9|...*.....|
—│—————————│
Set/unset mines marks or claim a cell as free: 
> 4 1 mine
 │123456789│
—│—————————│
1|...*.....|
2|.......3.|
3|.........|
4|.........|
5|.........|
6|.........|
7|.........|
8|.........|
9|...*.....|
—│—————————│
Set/unset mines marks or claim a cell as free: 
> 5 7 mine
 │123456789│
—│—————————│
1|...*.....|
2|.......3.|
3|.........|
4|.........|
5|.........|
6|.........|
7|....*....|
8|.........|
9|...*.....|
—│—————————│
Set/unset mines marks or claim a cell as free: 
> 5 6 free
 │123456789│
—│—————————│
1|...*....X|
2|.......3X|
3|........X|
4|........X|
5|........X|
6|........X|
7|....*....|
8|.........|
9|...*.....|
—│—————————│
You stepped on a mine and failed!
?[1;31m
Start test 107?[0m
How many mines do you want on the field?
> 50
 │123456789│
—│—————————│
1|.........|
2|.........|
3|.........|
4|.........|
5|.........|
6|.........|
7|.........|
8|.........|
9|.........|
—│—————————│
Set/unset mines marks or claim a cell as free: 
> 6 2 free

 │123456789│
—│—————————│
1|/////////|
2|/////////|
3|23321/122|
4|....2/2..|
5|....3/3..|
6|....3/3..|
7|....3/3..|
8|....3/3..|
9|....2/2..|
—│—————————│
Set/unset mines marks or claim a cell as free: 
> 9 4 free
 │123456789│
—│—————————│
1|/////////|
2|/////////|
3|23321/122|
4|....2/2.X|
5|....3/3.X|
6|....3/3.X|
7|....3/3.X|
8|....3/3.X|
9|....2/2.X|
—│—————————│
You stepped on a mine and failed!
?[1;31m
Start test 108?[0m
How many mines do you want on the field?
> 50
 │123456789│
—│—————————│
1|.........|
2|.........|
3|.........|
4|.........|
5|.........|
6|.........|
7|.........|
8|.........|
9|.........|
—│—————————│
Set/unset mines marks or claim a cell as free: 
> 9 1 mine

 │123456789│
—│—————————│
1|........*|
2|.........|
3|.........|
4|.........|
5|.........|
6|.........|
7|.........|
8|.........|
9|.........|
—│—————————│
Set/unset mines marks or claim a cell as free: 
> 9 1 mine
 │123456789│
—│—————————│
1|.........|
2|.........|
3|.........|
4|.........|
5|.........|
6|.........|
7|.........|
8|.........|
9|.........|
—│—————————│
Set/unset mines marks or claim a cell as free: 
> 3 1 free
 │123456789│
—│—————————│
1|///////1.|
2|23333322.|
3|.........|
4|.........|
5|.........|
6|.........|
7|.........|
8|.........|
9|.........|
—│—————————│
Set/unset mines marks or claim a cell as free: 
> 6 6 free
 │123456789│
—│—————————│
1|///////1.|
2|23333322.|
3|......X..|
4|......X..|
5|......X..|
6|......X..|
7|......X..|
8|......X..|
9|......X..|
—│—————————│
You stepped on a mine and failed!
?[1;31m
Start test 109?[0m
How many mines do you want on the field?
> 55
 │123456789│
—│—————————│
1|.........|
2|.........|
3|.........|
4|.........|
5|.........|
6|.........|
7|.........|
8|.........|
9|.........|
—│—————————│
Set/unset mines marks or claim a cell as free: 
> 7 7 mine

 │123456789│
—│—————————│
1|.........|
2|.........|
3|.........|
4|.........|
5|.........|
6|.........|
7|......*..|
8|.........|
9|.........|
—│—————————│
Set/unset mines marks or claim a cell as free: 
> 1 4 mine
 │123456789│
—│—————————│
1|.........|
2|.........|
3|.........|
4|*........|
5|.........|
6|.........|
7|......*..|
8|.........|
9|.........|
—│—————————│
Set/unset mines marks or claim a cell as free: 
> 1 9 mine
 │123456789│
—│—————————│
1|.........|
2|.........|
3|.........|
4|*........|
5|.........|
6|.........|
7|......*..|
8|.........|
9|*........|
—│—————————│
Set/unset mines marks or claim a cell as free: 
> 7 8 free
 │123456789│
—│—————————│
1|.........|
2|.........|
3|.........|
4|*........|
5|.........|
6|.........|
7|......*..|
8|......1..|
9|*........|
—│—————————│
Set/unset mines marks or claim a cell as free: 
> 6 4 free
 │123456789│
—│—————————│
1|.........|
2|.........|
3|.........|
4|*....3...|
5|.........|
6|.........|
7|......*..|
8|......1..|
9|*........|
—│—————————│
Set/unset mines marks or claim a cell as free: 
> 7 5 free
 │123456789│
—│—————————│
1|.........|
2|.........|
3|.........|
4|*....3...|
5|.........|
6|.........|
7|......*..|
8|......1..|
9|*........|
—│—————————│
Set/unset mines marks or claim a cell as free: 
> 7 7 mine
 │123456789│
—│—————————│
1|.........|
2|.........|
3|.........|
4|*....3...|
5|.........|
6|.........|
7|.........|
8|......1..|
9|*........|
—│—————————│
Set/unset mines marks or claim a cell as free: 
> 1 2 free
 │123456789│
—│—————————│
1|........X|
2|........X|
3|........X|
4|*....3..X|
5|........X|
6|.........|
7|.........|
8|......1..|
9|*.......X|
—│—————————│
You stepped on a mine and failed!
?[1;31m
Start test 110?[0m
How many mines do you want on the field?
> 55
 │123456789│
—│—————————│
1|.........|
2|.........|
3|.........|
4|.........|
5|.........|
6|.........|
7|.........|
8|.........|
9|.........|
—│—————————│
Set/unset mines marks or claim a cell as free: 
> 2 5 free

 │123456789│
—│—————————│
1|//2......|
2|//3......|
3|//2......|
4|//1233332|
5|/////////|
6|//1233332|
7|//2......|
8|//3......|
9|//2......|
—│—————————│
Set/unset mines marks or claim a cell as free: 
> 9 3 free
 │123456789│
—│—————————│
1|//2.....X|
2|//3.....X|
3|//2.....X|
4|//1233332|
5|/////////|
6|//1233332|
7|//2.....X|
8|//3.....X|
9|//2.....X|
—│—————————│
You stepped on a mine and failed!
?[1;31m
Start test 111?[0m
How many mines do you want on the field?
> 60
 │123456789│
—│—————————│
1|.........|
2|.........|
3|.........|
4|.........|
5|.........|
6|.........|
7|.........|
8|.........|
9|.........|
—│—————————│
Set/unset mines marks or claim a cell as free: 
> 8 9 mine

 │123456789│
—│—————————│
1|.........|
2|.........|
3|.........|
4|.........|
5|.........|
6|.........|
7|.........|
8|.........|
9|.......*.|
—│—————————│
Set/unset mines marks or claim a cell as free: 
> 8 9 mine
 │123456789│
—│—————————│
1|.........|
2|.........|
3|.........|
4|.........|
5|.........|
6|.........|
7|.........|
8|.........|
9|.........|
—│—————————│
Set/unset mines marks or claim a cell as free: 
> 4 1 free
 │123456789│
—│—————————│
1|.....X...|
2|.....X...|
3|.....X...|
4|.....X...|
5|.....X...|
6|.....X...|
7|.....X...|
8|.........|
9|.........|
—│—————————│
You stepped on a mine and failed!
?[1;31m
Start test 112?[0m
How many mines do you want on the field?
> 60
 │123456789│
—│—————————│
1|.........|
2|.........|
3|.........|
4|.........|
5|.........|
6|.........|
7|.........|
8|.........|
9|.........|
—│—————————│
Set/unset mines marks or claim a cell as free: 
> 9 5 free

 │123456789│
—│—————————│
1|.......2/|
2|.......3/|
3|.......2/|
4|23333321/|
5|/////////|
6|23333321/|
7|.......2/|
8|.......3/|
9|.......2/|
—│—————————│
Set/unset mines marks or claim a cell as free: 
> 5 2 mine
 │123456789│
—│—————————│
1|.......2/|
2|....*..3/|
3|.......2/|
4|23333321/|
5|/////////|
6|23333321/|
7|.......2/|
8|.......3/|
9|.......2/|
—│—————————│
Set/unset mines marks or claim a cell as free: 
> 5 2 mine
 │123456789│
—│—————————│
1|.......2/|
2|.......3/|
3|.......2/|
4|23333321/|
5|/////////|
6|23333321/|
7|.......2/|
8|.......3/|
9|.......2/|
—│—————————│
Set/unset mines marks or claim a cell as free: 
> 3 9 mine
 │123456789│
—│—————————│
1|.......2/|
2|.......3/|
3|.......2/|
4|23333321/|
5|/////////|
6|23333321/|
7|.......2/|
8|.......3/|
9|..*....2/|
—│—————————│
Set/unset mines marks or claim a cell as free: 
> 3 9 mine
 │123456789│
—│—————————│
1|.......2/|
2|.......3/|
3|.......2/|
4|23333321/|
5|/////////|
6|23333321/|
7|.......2/|
8|.......3/|
9|.......2/|
—│—————————│
Set/unset mines marks or claim a cell as free: 
> 1 7 mine
 │123456789│
—│—————————│
1|.......2/|
2|.......3/|
3|.......2/|
4|23333321/|
5|/////////|
6|23333321/|
7|*......2/|
8|.......3/|
9|.......2/|
—│—————————│
Set/unset mines marks or claim a cell as free: 
> 1 7 mine
 │123456789│
—│—————————│
1|.......2/|
2|.......3/|
3|.......2/|
4|23333321/|
5|/////////|
6|23333321/|
7|.......2/|
8|.......3/|
9|.......2/|
—│—————————│
Set/unset mines marks or claim a cell as free: 
> 2 8 free
 │123456789│
—│—————————│
1|......X2/|
2|......X3/|
3|......X2/|
4|23333321/|
5|/////////|
6|23333321/|
7|......X2/|
8|......X3/|
9|......X2/|
—│—————————│
You stepped on a mine and failed!
?[1;31m
Start test 113?[0m
How many mines do you want on the field?
> 65
 │123456789│
—│—————————│
1|.........|
2|.........|
3|.........|
4|.........|
5|.........|
6|.........|
7|.........|
8|.........|
9|.........|
—│—————————│
Set/unset mines marks or claim a cell as free: 
> 7 3 mine

 │123456789│
—│—————————│
1|.........|
2|.........|
3|......*..|
4|.........|
5|.........|
6|.........|
7|.........|
8|.........|
9|.........|
—│—————————│
Set/unset mines marks or claim a cell as free: 
> 1 2 mine
 │123456789│
—│—————————│
1|.........|
2|*........|
3|......*..|
4|.........|
5|.........|
6|.........|
7|.........|
8|.........|
9|.........|
—│—————————│
Set/unset mines marks or claim a cell as free: 
> 7 4 mine
 │123456789│
—│—————————│
1|.........|
2|*........|
3|......*..|
4|......*..|
5|.........|
6|.........|
7|.........|
8|.........|
9|.........|
—│—————————│
Set/unset mines marks or claim a cell as free: 
> 2 1 free
 │123456789│
—│—————————│
1|........X|
2|*........|
3|......*..|
4|......*..|
5|........X|
6|........X|
7|........X|
8|........X|
9|........X|
—│—————————│
You stepped on a mine and failed!
?[1;31m
Start test 114?[0m
How many mines do you want on the field?
> 65
 │123456789│
—│—————————│
1|.........|
2|.........|
3|.........|
4|.........|
5|.........|
6|.........|
7|.........|
8|.........|
9|.........|
—│—————————│
Set/unset mines marks or claim a cell as free: 
> 8 4 free

 │123456789│
—│—————————│
1|......2//|
2|......2//|
3|2333321//|
4|/////////|
5|2333321//|
6|......2//|
7|......3//|
8|......3//|
9|......2//|
—│—————————│
Set/unset mines marks or claim a cell as free: 
> 5 1 free
 │123456789│
—│—————————│
1|.....X2//|
2|.....X2//|
3|2333321//|
4|/////////|
5|2333321//|
6|.....X2//|
7|.....X3//|
8|.....X3//|
9|.....X2//|
—│—————————│
You stepped on a mine and failed!
]]></system-out>
  <system-err><![CDATA[]]></system-err>
</testsuite>
